
processing PARA:  BOOK=8 START=1 END=45
======================================================================
 NO_ENG_SENTS=15 NO_ENG_MILESTONES=10 NO_GREEK_SENTS=23
======================================================================

processing PARA:  BOOK=8 START=46 END=82
======================================================================
 NO_ENG_SENTS=13 NO_ENG_MILESTONES=7 NO_GREEK_SENTS=19
======================================================================

processing PARA:  BOOK=8 START=83 END=120
======================================================================
 NO_ENG_SENTS=12 NO_ENG_MILESTONES=8 NO_GREEK_SENTS=19
======================================================================

processing PARA:  BOOK=8 START=121 END=164
======================================================================
 NO_ENG_SENTS=21 NO_ENG_MILESTONES=8 NO_GREEK_SENTS=28
======================================================================

processing PARA:  BOOK=8 START=165 END=198
======================================================================
 NO_ENG_SENTS=16 NO_ENG_MILESTONES=7 NO_GREEK_SENTS=21
======================================================================

processing PARA:  BOOK=8 START=199 END=249
======================================================================
 NO_ENG_SENTS=18 NO_ENG_MILESTONES=10 NO_GREEK_SENTS=27
======================================================================

processing PARA:  BOOK=8 START=250 END=294
======================================================================
 NO_ENG_SENTS=17 NO_ENG_MILESTONES=9 NO_GREEK_SENTS=21
======================================================================

processing PARA:  BOOK=8 START=295 END=342
======================================================================
 NO_ENG_SENTS=23 NO_ENG_MILESTONES=10 NO_GREEK_SENTS=30
======================================================================

processing PARA:  BOOK=8 START=343 END=384
======================================================================
 NO_ENG_SENTS=21 NO_ENG_MILESTONES=8 NO_GREEK_SENTS=26
======================================================================

processing PARA:  BOOK=8 START=385 END=432
======================================================================
 NO_ENG_SENTS=22 NO_ENG_MILESTONES=10 NO_GREEK_SENTS=30
======================================================================

processing PARA:  BOOK=8 START=433 END=468
======================================================================
 NO_ENG_SENTS=13 NO_ENG_MILESTONES=7 NO_GREEK_SENTS=17
======================================================================

processing PARA:  BOOK=8 START=469 END=520
======================================================================
 NO_ENG_SENTS=19 NO_ENG_MILESTONES=11 NO_GREEK_SENTS=25
======================================================================

processing PARA:  BOOK=8 START=521 END=549
======================================================================
 NO_ENG_SENTS=12 NO_ENG_MILESTONES=5 NO_GREEK_SENTS=18
======================================================================

processing PARA:  BOOK=8 START=550 END=586
======================================================================
 NO_ENG_SENTS=14 NO_ENG_MILESTONES=8 NO_GREEK_SENTS=17
======================================================================


########################################################################
	PROCESSED PARAS:	14
	EN SENTS:	236
	EN MILESTONES:	118
	GR SENTS:	321

########################################################################
