
processing PARA:  BOOK=15 START=1 END=47
======================================================================
 NO_ENG_SENTS=19 NO_ENG_MILESTONES=10 NO_GREEK_SENTS=25
======================================================================

processing PARA:  BOOK=15 START=48 END=91
======================================================================
 NO_ENG_SENTS=21 NO_ENG_MILESTONES=9 NO_GREEK_SENTS=24
======================================================================

processing PARA:  BOOK=15 START=92 END=129
======================================================================
 NO_ENG_SENTS=18 NO_ENG_MILESTONES=7 NO_GREEK_SENTS=23
======================================================================

processing PARA:  BOOK=15 START=130 END=178
======================================================================
 NO_ENG_SENTS=22 NO_ENG_MILESTONES=10 NO_GREEK_SENTS=31
======================================================================

processing PARA:  BOOK=15 START=179 END=221
======================================================================
 NO_ENG_SENTS=23 NO_ENG_MILESTONES=9 NO_GREEK_SENTS=30
======================================================================

processing PARA:  BOOK=15 START=222 END=264
======================================================================
 NO_ENG_SENTS=16 NO_ENG_MILESTONES=8 NO_GREEK_SENTS=20
======================================================================

processing PARA:  BOOK=15 START=265 END=300
======================================================================
 NO_ENG_SENTS=21 NO_ENG_MILESTONES=8 NO_GREEK_SENTS=26
======================================================================

processing PARA:  BOOK=15 START=301 END=339
======================================================================
 NO_ENG_SENTS=15 NO_ENG_MILESTONES=7 NO_GREEK_SENTS=20
======================================================================

processing PARA:  BOOK=15 START=340 END=379
======================================================================
 NO_ENG_SENTS=18 NO_ENG_MILESTONES=8 NO_GREEK_SENTS=19
======================================================================

processing PARA:  BOOK=15 START=380 END=414
======================================================================
 NO_ENG_SENTS=17 NO_ENG_MILESTONES=7 NO_GREEK_SENTS=19
======================================================================

processing PARA:  BOOK=15 START=415 END=453
======================================================================
 NO_ENG_SENTS=20 NO_ENG_MILESTONES=8 NO_GREEK_SENTS=24
======================================================================

processing PARA:  BOOK=15 START=454 END=492
======================================================================
 NO_ENG_SENTS=18 NO_ENG_MILESTONES=8 NO_GREEK_SENTS=23
======================================================================

processing PARA:  BOOK=15 START=493 END=524
======================================================================
 NO_ENG_SENTS=16 NO_ENG_MILESTONES=6 NO_GREEK_SENTS=21
======================================================================

processing PARA:  BOOK=15 START=525 END=557
======================================================================
 NO_ENG_SENTS=17 NO_ENG_MILESTONES=7 NO_GREEK_SENTS=19
======================================================================


########################################################################
	PROCESSED PARAS:	14
	EN SENTS:	261
	EN MILESTONES:	112
	GR SENTS:	324

########################################################################
