
processing PARA:  BOOK=3 START=1 END=50
======================================================================
 NO_ENG_SENTS=25 NO_ENG_MILESTONES=11 NO_GREEK_SENTS=35
======================================================================

processing PARA:  BOOK=3 START=51 END=101
======================================================================
 NO_ENG_SENTS=20 NO_ENG_MILESTONES=10 NO_GREEK_SENTS=28
======================================================================

processing PARA:  BOOK=3 START=102 END=140
======================================================================
 NO_ENG_SENTS=12 NO_ENG_MILESTONES=8 NO_GREEK_SENTS=17
======================================================================

processing PARA:  BOOK=3 START=141 END=183
======================================================================
 NO_ENG_SENTS=12 NO_ENG_MILESTONES=8 NO_GREEK_SENTS=24
======================================================================

processing PARA:  BOOK=3 START=184 END=228
======================================================================
 NO_ENG_SENTS=22 NO_ENG_MILESTONES=9 NO_GREEK_SENTS=23
======================================================================

processing PARA:  BOOK=3 START=229 END=275
======================================================================
 NO_ENG_SENTS=22 NO_ENG_MILESTONES=10 NO_GREEK_SENTS=28
======================================================================

processing PARA:  BOOK=3 START=276 END=328
======================================================================
 NO_ENG_SENTS=15 NO_ENG_MILESTONES=10 NO_GREEK_SENTS=23
======================================================================

processing PARA:  BOOK=3 START=329 END=370
======================================================================
 NO_ENG_SENTS=18 NO_ENG_MILESTONES=9 NO_GREEK_SENTS=26
======================================================================

processing PARA:  BOOK=3 START=371 END=403
======================================================================
 NO_ENG_SENTS=13 NO_ENG_MILESTONES=6 NO_GREEK_SENTS=16
======================================================================

processing PARA:  BOOK=3 START=404 END=446
======================================================================
 NO_ENG_SENTS=12 NO_ENG_MILESTONES=9 NO_GREEK_SENTS=20
======================================================================

processing PARA:  BOOK=3 START=447 END=497
======================================================================
 NO_ENG_SENTS=22 NO_ENG_MILESTONES=10 NO_GREEK_SENTS=29
======================================================================


########################################################################
	PROCESSED PARAS:	11
	EN SENTS:	193
	EN MILESTONES:	100
	GR SENTS:	269

########################################################################
