
processing PARA:  BOOK=5 START=1 END=42
======================================================================
 NO_ENG_SENTS=17 NO_ENG_MILESTONES=9 NO_GREEK_SENTS=22
======================================================================

processing PARA:  BOOK=5 START=43 END=83
======================================================================
 NO_ENG_SENTS=13 NO_ENG_MILESTONES=8 NO_GREEK_SENTS=21
======================================================================

processing PARA:  BOOK=5 START=84 END=120
======================================================================
 NO_ENG_SENTS=14 NO_ENG_MILESTONES=8 NO_GREEK_SENTS=19
======================================================================

processing PARA:  BOOK=5 START=121 END=158
======================================================================
 NO_ENG_SENTS=9 NO_ENG_MILESTONES=7 NO_GREEK_SENTS=20
======================================================================

processing PARA:  BOOK=5 START=159 END=200
======================================================================
 NO_ENG_SENTS=14 NO_ENG_MILESTONES=9 NO_GREEK_SENTS=23
======================================================================

processing PARA:  BOOK=5 START=201 END=238
======================================================================
 NO_ENG_SENTS=15 NO_ENG_MILESTONES=7 NO_GREEK_SENTS=21
======================================================================

processing PARA:  BOOK=5 START=239 END=279
======================================================================
 NO_ENG_SENTS=19 NO_ENG_MILESTONES=8 NO_GREEK_SENTS=23
======================================================================

processing PARA:  BOOK=5 START=280 END=317
======================================================================
 NO_ENG_SENTS=15 NO_ENG_MILESTONES=8 NO_GREEK_SENTS=24
======================================================================

processing PARA:  BOOK=5 START=318 END=362
======================================================================
 NO_ENG_SENTS=15 NO_ENG_MILESTONES=9 NO_GREEK_SENTS=22
======================================================================

processing PARA:  BOOK=5 START=363 END=415
======================================================================
 NO_ENG_SENTS=18 NO_ENG_MILESTONES=11 NO_GREEK_SENTS=28
======================================================================

processing PARA:  BOOK=5 START=416 END=459
======================================================================
 NO_ENG_SENTS=17 NO_ENG_MILESTONES=8 NO_GREEK_SENTS=20
======================================================================

processing PARA:  BOOK=5 START=460 END=492
======================================================================
 NO_ENG_SENTS=14 NO_ENG_MILESTONES=7 NO_GREEK_SENTS=20
======================================================================

processing PARA:  BOOK=5 START=493 END=532
======================================================================
 NO_ENG_SENTS=12 NO_ENG_MILESTONES=7 NO_GREEK_SENTS=23
======================================================================

processing PARA:  BOOK=5 START=533 END=575
======================================================================
 NO_ENG_SENTS=10 NO_ENG_MILESTONES=9 NO_GREEK_SENTS=19
======================================================================

processing PARA:  BOOK=5 START=576 END=626
======================================================================
 NO_ENG_SENTS=15 NO_ENG_MILESTONES=10 NO_GREEK_SENTS=35
======================================================================

processing PARA:  BOOK=5 START=627 END=667
======================================================================
 NO_ENG_SENTS=14 NO_ENG_MILESTONES=8 NO_GREEK_SENTS=21
======================================================================

processing PARA:  BOOK=5 START=668 END=710
======================================================================
 NO_ENG_SENTS=11 NO_ENG_MILESTONES=9 NO_GREEK_SENTS=20
======================================================================

processing PARA:  BOOK=5 START=711 END=763
======================================================================
 NO_ENG_SENTS=17 NO_ENG_MILESTONES=10 NO_GREEK_SENTS=24
======================================================================

processing PARA:  BOOK=5 START=764 END=791
======================================================================
 NO_ENG_SENTS=9 NO_ENG_MILESTONES=6 NO_GREEK_SENTS=13
======================================================================

processing PARA:  BOOK=5 START=792 END=834
======================================================================
 NO_ENG_SENTS=18 NO_ENG_MILESTONES=8 NO_GREEK_SENTS=26
======================================================================

processing PARA:  BOOK=5 START=835 END=863
======================================================================
 NO_ENG_SENTS=10 NO_ENG_MILESTONES=6 NO_GREEK_SENTS=18
======================================================================

processing PARA:  BOOK=5 START=864 END=898
======================================================================
 NO_ENG_SENTS=15 NO_ENG_MILESTONES=7 NO_GREEK_SENTS=22
======================================================================

processing PARA:  BOOK=5 START=899 END=909
======================================================================
 NO_ENG_SENTS=4 NO_ENG_MILESTONES=2 NO_GREEK_SENTS=7
======================================================================


########################################################################
	PROCESSED PARAS:	23
	EN SENTS:	315
	EN MILESTONES:	181
	GR SENTS:	491

########################################################################
