
processing PARA:  BOOK=10 START=1 END=45
======================================================================
 NO_ENG_SENTS=19 NO_ENG_MILESTONES=10 NO_GREEK_SENTS=25
======================================================================

processing PARA:  BOOK=10 START=46 END=86
======================================================================
 NO_ENG_SENTS=22 NO_ENG_MILESTONES=8 NO_GREEK_SENTS=29
======================================================================

processing PARA:  BOOK=10 START=87 END=132
======================================================================
 NO_ENG_SENTS=16 NO_ENG_MILESTONES=9 NO_GREEK_SENTS=26
======================================================================

processing PARA:  BOOK=10 START=133 END=177
======================================================================
 NO_ENG_SENTS=14 NO_ENG_MILESTONES=9 NO_GREEK_SENTS=23
======================================================================

processing PARA:  BOOK=10 START=178 END=207
======================================================================
 NO_ENG_SENTS=17 NO_ENG_MILESTONES=6 NO_GREEK_SENTS=20
======================================================================

processing PARA:  BOOK=10 START=208 END=260
======================================================================
 NO_ENG_SENTS=24 NO_ENG_MILESTONES=11 NO_GREEK_SENTS=33
======================================================================

processing PARA:  BOOK=10 START=261 END=301
======================================================================
 NO_ENG_SENTS=23 NO_ENG_MILESTONES=8 NO_GREEK_SENTS=27
======================================================================

processing PARA:  BOOK=10 START=302 END=344
======================================================================
 NO_ENG_SENTS=23 NO_ENG_MILESTONES=8 NO_GREEK_SENTS=26
======================================================================

processing PARA:  BOOK=10 START=345 END=387
======================================================================
 NO_ENG_SENTS=17 NO_ENG_MILESTONES=9 NO_GREEK_SENTS=24
======================================================================

processing PARA:  BOOK=10 START=388 END=427
======================================================================
 NO_ENG_SENTS=17 NO_ENG_MILESTONES=8 NO_GREEK_SENTS=25
======================================================================

processing PARA:  BOOK=10 START=428 END=474
======================================================================
 NO_ENG_SENTS=20 NO_ENG_MILESTONES=9 NO_GREEK_SENTS=26
======================================================================

processing PARA:  BOOK=10 START=475 END=502
======================================================================
 NO_ENG_SENTS=11 NO_ENG_MILESTONES=6 NO_GREEK_SENTS=16
======================================================================

processing PARA:  BOOK=10 START=503 END=545
======================================================================
 NO_ENG_SENTS=13 NO_ENG_MILESTONES=9 NO_GREEK_SENTS=16
======================================================================

processing PARA:  BOOK=10 START=546 END=574
======================================================================
 NO_ENG_SENTS=13 NO_ENG_MILESTONES=5 NO_GREEK_SENTS=16
======================================================================


########################################################################
	PROCESSED PARAS:	14
	EN SENTS:	249
	EN MILESTONES:	115
	GR SENTS:	332

########################################################################
