
processing PARA:  BOOK=4 START=1 END=48
======================================================================
 NO_ENG_SENTS=19 NO_ENG_MILESTONES=10 NO_GREEK_SENTS=25
======================================================================

processing PARA:  BOOK=4 START=49 END=99
======================================================================
 NO_ENG_SENTS=19 NO_ENG_MILESTONES=10 NO_GREEK_SENTS=27
======================================================================

processing PARA:  BOOK=4 START=100 END=146
======================================================================
 NO_ENG_SENTS=15 NO_ENG_MILESTONES=9 NO_GREEK_SENTS=22
======================================================================

processing PARA:  BOOK=4 START=147 END=182
======================================================================
 NO_ENG_SENTS=15 NO_ENG_MILESTONES=7 NO_GREEK_SENTS=18
======================================================================

processing PARA:  BOOK=4 START=183 END=218
======================================================================
 NO_ENG_SENTS=17 NO_ENG_MILESTONES=7 NO_GREEK_SENTS=21
======================================================================

processing PARA:  BOOK=4 START=219 END=264
======================================================================
 NO_ENG_SENTS=13 NO_ENG_MILESTONES=9 NO_GREEK_SENTS=24
======================================================================

processing PARA:  BOOK=4 START=265 END=314
======================================================================
 NO_ENG_SENTS=20 NO_ENG_MILESTONES=10 NO_GREEK_SENTS=29
======================================================================

processing PARA:  BOOK=4 START=315 END=350
======================================================================
 NO_ENG_SENTS=11 NO_ENG_MILESTONES=8 NO_GREEK_SENTS=14
======================================================================

processing PARA:  BOOK=4 START=351 END=397
======================================================================
 NO_ENG_SENTS=20 NO_ENG_MILESTONES=9 NO_GREEK_SENTS=25
======================================================================

processing PARA:  BOOK=4 START=398 END=434
======================================================================
 NO_ENG_SENTS=14 NO_ENG_MILESTONES=7 NO_GREEK_SENTS=21
======================================================================

processing PARA:  BOOK=4 START=435 END=480
======================================================================
 NO_ENG_SENTS=20 NO_ENG_MILESTONES=10 NO_GREEK_SENTS=33
======================================================================

processing PARA:  BOOK=4 START=481 END=511
======================================================================
 NO_ENG_SENTS=15 NO_ENG_MILESTONES=6 NO_GREEK_SENTS=22
======================================================================

processing PARA:  BOOK=4 START=512 END=553
======================================================================
 NO_ENG_SENTS=16 NO_ENG_MILESTONES=8 NO_GREEK_SENTS=23
======================================================================

processing PARA:  BOOK=4 START=554 END=592
======================================================================
 NO_ENG_SENTS=13 NO_ENG_MILESTONES=8 NO_GREEK_SENTS=20
======================================================================

processing PARA:  BOOK=4 START=593 END=624
======================================================================
 NO_ENG_SENTS=16 NO_ENG_MILESTONES=6 NO_GREEK_SENTS=27
======================================================================

processing PARA:  BOOK=4 START=625 END=674
======================================================================
 NO_ENG_SENTS=29 NO_ENG_MILESTONES=10 NO_GREEK_SENTS=35
======================================================================

processing PARA:  BOOK=4 START=675 END=714
======================================================================
 NO_ENG_SENTS=20 NO_ENG_MILESTONES=8 NO_GREEK_SENTS=27
======================================================================

processing PARA:  BOOK=4 START=715 END=757
======================================================================
 NO_ENG_SENTS=16 NO_ENG_MILESTONES=9 NO_GREEK_SENTS=21
======================================================================

processing PARA:  BOOK=4 START=758 END=794
======================================================================
 NO_ENG_SENTS=19 NO_ENG_MILESTONES=7 NO_GREEK_SENTS=20
======================================================================

processing PARA:  BOOK=4 START=795 END=846
======================================================================
 NO_ENG_SENTS=26 NO_ENG_MILESTONES=11 NO_GREEK_SENTS=31
======================================================================


########################################################################
	PROCESSED PARAS:	20
	EN SENTS:	353
	EN MILESTONES:	169
	GR SENTS:	485

########################################################################
