
processing PARA:  BOOK=2 START=1 END=38
======================================================================
 NO_ENG_SENTS=21 NO_ENG_MILESTONES=8 NO_GREEK_SENTS=23
======================================================================

processing PARA:  BOOK=2 START=39 END=83
======================================================================
 NO_ENG_SENTS=18 NO_ENG_MILESTONES=9 NO_GREEK_SENTS=25
======================================================================

processing PARA:  BOOK=2 START=84 END=128
======================================================================
 NO_ENG_SENTS=18 NO_ENG_MILESTONES=9 NO_GREEK_SENTS=24
======================================================================

processing PARA:  BOOK=2 START=129 END=176
======================================================================
 NO_ENG_SENTS=22 NO_ENG_MILESTONES=10 NO_GREEK_SENTS=32
======================================================================

processing PARA:  BOOK=2 START=177 END=223
======================================================================
 NO_ENG_SENTS=19 NO_ENG_MILESTONES=9 NO_GREEK_SENTS=23
======================================================================

processing PARA:  BOOK=2 START=224 END=266
======================================================================
 NO_ENG_SENTS=20 NO_ENG_MILESTONES=9 NO_GREEK_SENTS=20
======================================================================

processing PARA:  BOOK=2 START=267 END=308
======================================================================
 NO_ENG_SENTS=16 NO_ENG_MILESTONES=8 NO_GREEK_SENTS=20
======================================================================

processing PARA:  BOOK=2 START=309 END=360
======================================================================
 NO_ENG_SENTS=22 NO_ENG_MILESTONES=11 NO_GREEK_SENTS=31
======================================================================

processing PARA:  BOOK=2 START=361 END=387
======================================================================
 NO_ENG_SENTS=13 NO_ENG_MILESTONES=5 NO_GREEK_SENTS=17
======================================================================

processing PARA:  BOOK=2 START=388 END=434
======================================================================
 NO_ENG_SENTS=23 NO_ENG_MILESTONES=9 NO_GREEK_SENTS=30
======================================================================


########################################################################
	PROCESSED PARAS:	10
	EN SENTS:	192
	EN MILESTONES:	87
	GR SENTS:	245

########################################################################
