
processing PARA:  BOOK=21 START=1 END=41
======================================================================
 NO_ENG_SENTS=11 NO_ENG_MILESTONES=9 NO_GREEK_SENTS=19
======================================================================

processing PARA:  BOOK=21 START=42 END=79
======================================================================
 NO_ENG_SENTS=11 NO_ENG_MILESTONES=7 NO_GREEK_SENTS=18
======================================================================

processing PARA:  BOOK=21 START=80 END=117
======================================================================
 NO_ENG_SENTS=18 NO_ENG_MILESTONES=8 NO_GREEK_SENTS=17
======================================================================

processing PARA:  BOOK=21 START=118 END=162
======================================================================
 NO_ENG_SENTS=19 NO_ENG_MILESTONES=9 NO_GREEK_SENTS=25
======================================================================

processing PARA:  BOOK=21 START=163 END=204
======================================================================
 NO_ENG_SENTS=21 NO_ENG_MILESTONES=8 NO_GREEK_SENTS=24
======================================================================

processing PARA:  BOOK=21 START=205 END=255
======================================================================
 NO_ENG_SENTS=23 NO_ENG_MILESTONES=11 NO_GREEK_SENTS=28
======================================================================

processing PARA:  BOOK=21 START=256 END=310
======================================================================
 NO_ENG_SENTS=25 NO_ENG_MILESTONES=11 NO_GREEK_SENTS=33
======================================================================

processing PARA:  BOOK=21 START=311 END=353
======================================================================
 NO_ENG_SENTS=20 NO_ENG_MILESTONES=8 NO_GREEK_SENTS=25
======================================================================

processing PARA:  BOOK=21 START=354 END=400
======================================================================
 NO_ENG_SENTS=21 NO_ENG_MILESTONES=10 NO_GREEK_SENTS=28
======================================================================

processing PARA:  BOOK=21 START=401 END=434
======================================================================
 NO_ENG_SENTS=11 NO_ENG_MILESTONES=6 NO_GREEK_SENTS=20
======================================================================


########################################################################
	PROCESSED PARAS:	10
	EN SENTS:	180
	EN MILESTONES:	87
	GR SENTS:	237

########################################################################
