
processing PARA:  BOOK=23 START=1 END=34
======================================================================
 NO_ENG_SENTS=12 NO_ENG_MILESTONES=7 NO_GREEK_SENTS=19
======================================================================

processing PARA:  BOOK=23 START=35 END=53
======================================================================
 NO_ENG_SENTS=5 NO_ENG_MILESTONES=4 NO_GREEK_SENTS=6
======================================================================

processing PARA:  BOOK=23 START=54 END=92
======================================================================
 NO_ENG_SENTS=13 NO_ENG_MILESTONES=8 NO_GREEK_SENTS=19
======================================================================

processing PARA:  BOOK=23 START=93 END=137
======================================================================
 NO_ENG_SENTS=20 NO_ENG_MILESTONES=9 NO_GREEK_SENTS=31
======================================================================

processing PARA:  BOOK=23 START=138 END=160
======================================================================
 NO_ENG_SENTS=8 NO_ENG_MILESTONES=5 NO_GREEK_SENTS=12
======================================================================

processing PARA:  BOOK=23 START=161 END=191
======================================================================
 NO_ENG_SENTS=10 NO_ENG_MILESTONES=6 NO_GREEK_SENTS=15
======================================================================

processing PARA:  BOOK=23 START=192 END=225
======================================================================
 NO_ENG_SENTS=12 NO_ENG_MILESTONES=7 NO_GREEK_SENTS=18
======================================================================

processing PARA:  BOOK=23 START=226 END=261
======================================================================
 NO_ENG_SENTS=12 NO_ENG_MILESTONES=7 NO_GREEK_SENTS=19
======================================================================

processing PARA:  BOOK=23 START=262 END=286
======================================================================
 NO_ENG_SENTS=7 NO_ENG_MILESTONES=5 NO_GREEK_SENTS=13
======================================================================

processing PARA:  BOOK=23 START=287 END=318
======================================================================
 NO_ENG_SENTS=11 NO_ENG_MILESTONES=5 NO_GREEK_SENTS=20
======================================================================

processing PARA:  BOOK=23 START=319 END=350
======================================================================
 NO_ENG_SENTS=8 NO_ENG_MILESTONES=7 NO_GREEK_SENTS=13
======================================================================

processing PARA:  BOOK=23 START=351 END=387
======================================================================
 NO_ENG_SENTS=9 NO_ENG_MILESTONES=7 NO_GREEK_SENTS=21
======================================================================

processing PARA:  BOOK=23 START=388 END=428
======================================================================
 NO_ENG_SENTS=19 NO_ENG_MILESTONES=8 NO_GREEK_SENTS=27
======================================================================

processing PARA:  BOOK=23 START=429 END=472
======================================================================
 NO_ENG_SENTS=19 NO_ENG_MILESTONES=9 NO_GREEK_SENTS=29
======================================================================

processing PARA:  BOOK=23 START=473 END=513
======================================================================
 NO_ENG_SENTS=18 NO_ENG_MILESTONES=8 NO_GREEK_SENTS=27
======================================================================

processing PARA:  BOOK=23 START=514 END=554
======================================================================
 NO_ENG_SENTS=15 NO_ENG_MILESTONES=8 NO_GREEK_SENTS=26
======================================================================

processing PARA:  BOOK=23 START=555 END=585
======================================================================
 NO_ENG_SENTS=11 NO_ENG_MILESTONES=7 NO_GREEK_SENTS=18
======================================================================

processing PARA:  BOOK=23 START=586 END=623
======================================================================
 NO_ENG_SENTS=16 NO_ENG_MILESTONES=7 NO_GREEK_SENTS=28
======================================================================

processing PARA:  BOOK=23 START=624 END=663
======================================================================
 NO_ENG_SENTS=17 NO_ENG_MILESTONES=8 NO_GREEK_SENTS=25
======================================================================

processing PARA:  BOOK=23 START=664 END=699
======================================================================
 NO_ENG_SENTS=16 NO_ENG_MILESTONES=7 NO_GREEK_SENTS=22
======================================================================

processing PARA:  BOOK=23 START=700 END=739
======================================================================
 NO_ENG_SENTS=16 NO_ENG_MILESTONES=8 NO_GREEK_SENTS=25
======================================================================

processing PARA:  BOOK=23 START=740 END=783
======================================================================
 NO_ENG_SENTS=16 NO_ENG_MILESTONES=9 NO_GREEK_SENTS=27
======================================================================

processing PARA:  BOOK=23 START=784 END=825
======================================================================
 NO_ENG_SENTS=17 NO_ENG_MILESTONES=9 NO_GREEK_SENTS=25
======================================================================

processing PARA:  BOOK=23 START=826 END=858
======================================================================
 NO_ENG_SENTS=12 NO_ENG_MILESTONES=6 NO_GREEK_SENTS=17
======================================================================

processing PARA:  BOOK=23 START=859 END=897
======================================================================
 NO_ENG_SENTS=16 NO_ENG_MILESTONES=8 NO_GREEK_SENTS=30
======================================================================


########################################################################
	PROCESSED PARAS:	25
	EN SENTS:	335
	EN MILESTONES:	179
	GR SENTS:	532

########################################################################
