
processing PARA:  BOOK=14 START=1 END=47
======================================================================
 NO_ENG_SENTS=15 NO_ENG_MILESTONES=10 NO_GREEK_SENTS=25
======================================================================

processing PARA:  BOOK=14 START=48 END=71
======================================================================
 NO_ENG_SENTS=10 NO_ENG_MILESTONES=5 NO_GREEK_SENTS=12
======================================================================

processing PARA:  BOOK=14 START=72 END=108
======================================================================
 NO_ENG_SENTS=14 NO_ENG_MILESTONES=7 NO_GREEK_SENTS=21
======================================================================

processing PARA:  BOOK=14 START=109 END=146
======================================================================
 NO_ENG_SENTS=15 NO_ENG_MILESTONES=8 NO_GREEK_SENTS=22
======================================================================

processing PARA:  BOOK=14 START=147 END=190
======================================================================
 NO_ENG_SENTS=21 NO_ENG_MILESTONES=9 NO_GREEK_SENTS=29
======================================================================

processing PARA:  BOOK=14 START=191 END=233
======================================================================
 NO_ENG_SENTS=17 NO_ENG_MILESTONES=8 NO_GREEK_SENTS=19
======================================================================

processing PARA:  BOOK=14 START=234 END=284
======================================================================
 NO_ENG_SENTS=18 NO_ENG_MILESTONES=10 NO_GREEK_SENTS=25
======================================================================

processing PARA:  BOOK=14 START=285 END=320
======================================================================
 NO_ENG_SENTS=14 NO_ENG_MILESTONES=8 NO_GREEK_SENTS=21
======================================================================

processing PARA:  BOOK=14 START=321 END=359
======================================================================
 NO_ENG_SENTS=14 NO_ENG_MILESTONES=7 NO_GREEK_SENTS=21
======================================================================

processing PARA:  BOOK=14 START=360 END=400
======================================================================
 NO_ENG_SENTS=19 NO_ENG_MILESTONES=9 NO_GREEK_SENTS=20
======================================================================

processing PARA:  BOOK=14 START=401 END=445
======================================================================
 NO_ENG_SENTS=20 NO_ENG_MILESTONES=9 NO_GREEK_SENTS=31
======================================================================

processing PARA:  BOOK=14 START=446 END=493
======================================================================
 NO_ENG_SENTS=18 NO_ENG_MILESTONES=9 NO_GREEK_SENTS=28
======================================================================

processing PARA:  BOOK=14 START=494 END=533
======================================================================
 NO_ENG_SENTS=18 NO_ENG_MILESTONES=8 NO_GREEK_SENTS=24
======================================================================


########################################################################
	PROCESSED PARAS:	13
	EN SENTS:	213
	EN MILESTONES:	107
	GR SENTS:	298

########################################################################
