
processing PARA:  BOOK=12 START=1 END=33
======================================================================
 NO_ENG_SENTS=5 NO_ENG_MILESTONES=7 NO_GREEK_SENTS=14
======================================================================

processing PARA:  BOOK=12 START=34 END=79
======================================================================
 NO_ENG_SENTS=11 NO_ENG_MILESTONES=9 NO_GREEK_SENTS=24
======================================================================

processing PARA:  BOOK=12 START=80 END=107
======================================================================
 NO_ENG_SENTS=8 NO_ENG_MILESTONES=6 NO_GREEK_SENTS=14
======================================================================

processing PARA:  BOOK=12 START=108 END=152
======================================================================
 NO_ENG_SENTS=12 NO_ENG_MILESTONES=9 NO_GREEK_SENTS=13
======================================================================

processing PARA:  BOOK=12 START=153 END=194
======================================================================
 NO_ENG_SENTS=12 NO_ENG_MILESTONES=8 NO_GREEK_SENTS=24
======================================================================

processing PARA:  BOOK=12 START=195 END=229
======================================================================
 NO_ENG_SENTS=8 NO_ENG_MILESTONES=7 NO_GREEK_SENTS=13
======================================================================

processing PARA:  BOOK=12 START=230 END=276
======================================================================
 NO_ENG_SENTS=18 NO_ENG_MILESTONES=9 NO_GREEK_SENTS=23
======================================================================

processing PARA:  BOOK=12 START=277 END=328
======================================================================
 NO_ENG_SENTS=15 NO_ENG_MILESTONES=10 NO_GREEK_SENTS=18
======================================================================

processing PARA:  BOOK=12 START=329 END=363
======================================================================
 NO_ENG_SENTS=10 NO_ENG_MILESTONES=7 NO_GREEK_SENTS=19
======================================================================

processing PARA:  BOOK=12 START=364 END=399
======================================================================
 NO_ENG_SENTS=12 NO_ENG_MILESTONES=7 NO_GREEK_SENTS=18
======================================================================

processing PARA:  BOOK=12 START=400 END=441
======================================================================
 NO_ENG_SENTS=14 NO_ENG_MILESTONES=9 NO_GREEK_SENTS=21
======================================================================

processing PARA:  BOOK=12 START=442 END=471
======================================================================
 NO_ENG_SENTS=8 NO_ENG_MILESTONES=6 NO_GREEK_SENTS=17
======================================================================


########################################################################
	PROCESSED PARAS:	12
	EN SENTS:	133
	EN MILESTONES:	94
	GR SENTS:	218

########################################################################
