
processing PARA:  BOOK=16 START=1 END=45
======================================================================
 NO_ENG_SENTS=19 NO_ENG_MILESTONES=10 NO_GREEK_SENTS=25
======================================================================

processing PARA:  BOOK=16 START=46 END=73
======================================================================
 NO_ENG_SENTS=9 NO_ENG_MILESTONES=5 NO_GREEK_SENTS=15
======================================================================

processing PARA:  BOOK=16 START=74 END=111
======================================================================
 NO_ENG_SENTS=10 NO_ENG_MILESTONES=8 NO_GREEK_SENTS=20
======================================================================

processing PARA:  BOOK=16 START=112 END=154
======================================================================
 NO_ENG_SENTS=16 NO_ENG_MILESTONES=8 NO_GREEK_SENTS=25
======================================================================

processing PARA:  BOOK=16 START=155 END=199
======================================================================
 NO_ENG_SENTS=12 NO_ENG_MILESTONES=9 NO_GREEK_SENTS=20
======================================================================

processing PARA:  BOOK=16 START=200 END=248
======================================================================
 NO_ENG_SENTS=19 NO_ENG_MILESTONES=10 NO_GREEK_SENTS=21
======================================================================

processing PARA:  BOOK=16 START=249 END=283
======================================================================
 NO_ENG_SENTS=10 NO_ENG_MILESTONES=7 NO_GREEK_SENTS=16
======================================================================

processing PARA:  BOOK=16 START=284 END=305
======================================================================
 NO_ENG_SENTS=6 NO_ENG_MILESTONES=5 NO_GREEK_SENTS=11
======================================================================

processing PARA:  BOOK=16 START=306 END=350
======================================================================
 NO_ENG_SENTS=13 NO_ENG_MILESTONES=9 NO_GREEK_SENTS=30
======================================================================

processing PARA:  BOOK=16 START=351 END=393
======================================================================
 NO_ENG_SENTS=11 NO_ENG_MILESTONES=8 NO_GREEK_SENTS=22
======================================================================

processing PARA:  BOOK=16 START=394 END=438
======================================================================
 NO_ENG_SENTS=15 NO_ENG_MILESTONES=9 NO_GREEK_SENTS=24
======================================================================

processing PARA:  BOOK=16 START=439 END=476
======================================================================
 NO_ENG_SENTS=13 NO_ENG_MILESTONES=8 NO_GREEK_SENTS=21
======================================================================

processing PARA:  BOOK=16 START=477 END=507
======================================================================
 NO_ENG_SENTS=10 NO_ENG_MILESTONES=6 NO_GREEK_SENTS=16
======================================================================

processing PARA:  BOOK=16 START=508 END=547
======================================================================
 NO_ENG_SENTS=16 NO_ENG_MILESTONES=8 NO_GREEK_SENTS=22
======================================================================

processing PARA:  BOOK=16 START=548 END=568
======================================================================
 NO_ENG_SENTS=10 NO_ENG_MILESTONES=4 NO_GREEK_SENTS=13
======================================================================

processing PARA:  BOOK=16 START=569 END=618
======================================================================
 NO_ENG_SENTS=16 NO_ENG_MILESTONES=10 NO_GREEK_SENTS=29
======================================================================

processing PARA:  BOOK=16 START=619 END=658
======================================================================
 NO_ENG_SENTS=16 NO_ENG_MILESTONES=8 NO_GREEK_SENTS=19
======================================================================

processing PARA:  BOOK=16 START=659 END=697
======================================================================
 NO_ENG_SENTS=13 NO_ENG_MILESTONES=8 NO_GREEK_SENTS=19
======================================================================

processing PARA:  BOOK=16 START=698 END=725
======================================================================
 NO_ENG_SENTS=13 NO_ENG_MILESTONES=6 NO_GREEK_SENTS=15
======================================================================

processing PARA:  BOOK=16 START=726 END=749
======================================================================
 NO_ENG_SENTS=11 NO_ENG_MILESTONES=4 NO_GREEK_SENTS=11
======================================================================

processing PARA:  BOOK=16 START=750 END=776
======================================================================
 NO_ENG_SENTS=7 NO_ENG_MILESTONES=6 NO_GREEK_SENTS=12
======================================================================

processing PARA:  BOOK=16 START=777 END=817
======================================================================
 NO_ENG_SENTS=11 NO_ENG_MILESTONES=8 NO_GREEK_SENTS=21
======================================================================

processing PARA:  BOOK=16 START=818 END=867
======================================================================
 NO_ENG_SENTS=21 NO_ENG_MILESTONES=10 NO_GREEK_SENTS=31
======================================================================


########################################################################
	PROCESSED PARAS:	23
	EN SENTS:	297
	EN MILESTONES:	174
	GR SENTS:	458

########################################################################
