
processing PARA:  BOOK=18 START=1 END=21
======================================================================
 NO_ENG_SENTS=9 NO_ENG_MILESTONES=5 NO_GREEK_SENTS=11
======================================================================

processing PARA:  BOOK=18 START=22 END=64
======================================================================
 NO_ENG_SENTS=12 NO_ENG_MILESTONES=8 NO_GREEK_SENTS=22
======================================================================

processing PARA:  BOOK=18 START=65 END=96
======================================================================
 NO_ENG_SENTS=14 NO_ENG_MILESTONES=7 NO_GREEK_SENTS=18
======================================================================

processing PARA:  BOOK=18 START=97 END=126
======================================================================
 NO_ENG_SENTS=11 NO_ENG_MILESTONES=6 NO_GREEK_SENTS=16
======================================================================

processing PARA:  BOOK=18 START=127 END=147
======================================================================
 NO_ENG_SENTS=12 NO_ENG_MILESTONES=4 NO_GREEK_SENTS=12
======================================================================

processing PARA:  BOOK=18 START=148 END=180
======================================================================
 NO_ENG_SENTS=13 NO_ENG_MILESTONES=7 NO_GREEK_SENTS=20
======================================================================

processing PARA:  BOOK=18 START=181 END=218
======================================================================
 NO_ENG_SENTS=15 NO_ENG_MILESTONES=7 NO_GREEK_SENTS=25
======================================================================

processing PARA:  BOOK=18 START=219 END=242
======================================================================
 NO_ENG_SENTS=9 NO_ENG_MILESTONES=5 NO_GREEK_SENTS=13
======================================================================

processing PARA:  BOOK=18 START=243 END=283
======================================================================
 NO_ENG_SENTS=16 NO_ENG_MILESTONES=8 NO_GREEK_SENTS=26
======================================================================

processing PARA:  BOOK=18 START=284 END=323
======================================================================
 NO_ENG_SENTS=19 NO_ENG_MILESTONES=6 NO_GREEK_SENTS=25
======================================================================

processing PARA:  BOOK=18 START=324 END=359
======================================================================
 NO_ENG_SENTS=12 NO_ENG_MILESTONES=7 NO_GREEK_SENTS=16
======================================================================

processing PARA:  BOOK=18 START=360 END=387
======================================================================
 NO_ENG_SENTS=13 NO_ENG_MILESTONES=6 NO_GREEK_SENTS=16
======================================================================

processing PARA:  BOOK=18 START=388 END=427
======================================================================
 NO_ENG_SENTS=17 NO_ENG_MILESTONES=8 NO_GREEK_SENTS=27
======================================================================

processing PARA:  BOOK=18 START=428 END=461
======================================================================
 NO_ENG_SENTS=13 NO_ENG_MILESTONES=7 NO_GREEK_SENTS=18
======================================================================

processing PARA:  BOOK=18 START=462 END=489
======================================================================
 NO_ENG_SENTS=9 NO_ENG_MILESTONES=5 NO_GREEK_SENTS=13
======================================================================

processing PARA:  BOOK=18 START=490 END=526
======================================================================
 NO_ENG_SENTS=16 NO_ENG_MILESTONES=8 NO_GREEK_SENTS=24
======================================================================

processing PARA:  BOOK=18 START=527 END=560
======================================================================
 NO_ENG_SENTS=12 NO_ENG_MILESTONES=7 NO_GREEK_SENTS=20
======================================================================

processing PARA:  BOOK=18 START=561 END=589
======================================================================
 NO_ENG_SENTS=11 NO_ENG_MILESTONES=5 NO_GREEK_SENTS=17
======================================================================

processing PARA:  BOOK=18 START=590 END=617
======================================================================
 NO_ENG_SENTS=9 NO_ENG_MILESTONES=6 NO_GREEK_SENTS=12
======================================================================


########################################################################
	PROCESSED PARAS:	19
	EN SENTS:	242
	EN MILESTONES:	122
	GR SENTS:	351

########################################################################
