
processing PARA:  BOOK=9 START=1 END=49
======================================================================
 NO_ENG_SENTS=20 NO_ENG_MILESTONES=10 NO_GREEK_SENTS=32
======================================================================

processing PARA:  BOOK=9 START=50 END=88
======================================================================
 NO_ENG_SENTS=17 NO_ENG_MILESTONES=8 NO_GREEK_SENTS=28
======================================================================

processing PARA:  BOOK=9 START=89 END=113
======================================================================
 NO_ENG_SENTS=10 NO_ENG_MILESTONES=5 NO_GREEK_SENTS=12
======================================================================

processing PARA:  BOOK=9 START=114 END=161
======================================================================
 NO_ENG_SENTS=17 NO_ENG_MILESTONES=10 NO_GREEK_SENTS=23
======================================================================

processing PARA:  BOOK=9 START=162 END=204
======================================================================
 NO_ENG_SENTS=18 NO_ENG_MILESTONES=8 NO_GREEK_SENTS=24
======================================================================

processing PARA:  BOOK=9 START=205 END=243
======================================================================
 NO_ENG_SENTS=14 NO_ENG_MILESTONES=7 NO_GREEK_SENTS=21
======================================================================

processing PARA:  BOOK=9 START=244 END=285
======================================================================
 NO_ENG_SENTS=15 NO_ENG_MILESTONES=9 NO_GREEK_SENTS=21
======================================================================

processing PARA:  BOOK=9 START=286 END=327
======================================================================
 NO_ENG_SENTS=14 NO_ENG_MILESTONES=8 NO_GREEK_SENTS=19
======================================================================

processing PARA:  BOOK=9 START=328 END=373
======================================================================
 NO_ENG_SENTS=16 NO_ENG_MILESTONES=9 NO_GREEK_SENTS=25
======================================================================

processing PARA:  BOOK=9 START=374 END=416
======================================================================
 NO_ENG_SENTS=14 NO_ENG_MILESTONES=9 NO_GREEK_SENTS=20
======================================================================

processing PARA:  BOOK=9 START=417 END=452
======================================================================
 NO_ENG_SENTS=10 NO_ENG_MILESTONES=7 NO_GREEK_SENTS=16
======================================================================

processing PARA:  BOOK=9 START=453 END=491
======================================================================
 NO_ENG_SENTS=9 NO_ENG_MILESTONES=8 NO_GREEK_SENTS=13
======================================================================

processing PARA:  BOOK=9 START=492 END=537
======================================================================
 NO_ENG_SENTS=16 NO_ENG_MILESTONES=9 NO_GREEK_SENTS=25
======================================================================

processing PARA:  BOOK=9 START=538 END=580
======================================================================
 NO_ENG_SENTS=8 NO_ENG_MILESTONES=9 NO_GREEK_SENTS=14
======================================================================

processing PARA:  BOOK=9 START=581 END=619
======================================================================
 NO_ENG_SENTS=14 NO_ENG_MILESTONES=7 NO_GREEK_SENTS=24
======================================================================

processing PARA:  BOOK=9 START=620 END=668
======================================================================
 NO_ENG_SENTS=16 NO_ENG_MILESTONES=10 NO_GREEK_SENTS=27
======================================================================

processing PARA:  BOOK=9 START=669 END=713
======================================================================
 NO_ENG_SENTS=17 NO_ENG_MILESTONES=9 NO_GREEK_SENTS=29
======================================================================


########################################################################
	PROCESSED PARAS:	17
	EN SENTS:	245
	EN MILESTONES:	142
	GR SENTS:	373

########################################################################
