
processing PARA:  BOOK=10 START=1 END=41
======================================================================
 NO_ENG_SENTS=13 NO_ENG_MILESTONES=9 NO_GREEK_SENTS=19
======================================================================

processing PARA:  BOOK=10 START=42 END=85
======================================================================
 NO_ENG_SENTS=21 NO_ENG_MILESTONES=9 NO_GREEK_SENTS=28
======================================================================

processing PARA:  BOOK=10 START=86 END=127
======================================================================
 NO_ENG_SENTS=16 NO_ENG_MILESTONES=8 NO_GREEK_SENTS=24
======================================================================

processing PARA:  BOOK=10 START=128 END=167
======================================================================
 NO_ENG_SENTS=20 NO_ENG_MILESTONES=8 NO_GREEK_SENTS=26
======================================================================

processing PARA:  BOOK=10 START=168 END=217
======================================================================
 NO_ENG_SENTS=18 NO_ENG_MILESTONES=10 NO_GREEK_SENTS=31
======================================================================

processing PARA:  BOOK=10 START=218 END=253
======================================================================
 NO_ENG_SENTS=17 NO_ENG_MILESTONES=7 NO_GREEK_SENTS=21
======================================================================

processing PARA:  BOOK=10 START=254 END=294
======================================================================
 NO_ENG_SENTS=15 NO_ENG_MILESTONES=8 NO_GREEK_SENTS=26
======================================================================

processing PARA:  BOOK=10 START=295 END=331
======================================================================
 NO_ENG_SENTS=15 NO_ENG_MILESTONES=8 NO_GREEK_SENTS=16
======================================================================

processing PARA:  BOOK=10 START=332 END=371
======================================================================
 NO_ENG_SENTS=12 NO_ENG_MILESTONES=8 NO_GREEK_SENTS=21
======================================================================

processing PARA:  BOOK=10 START=372 END=411
======================================================================
 NO_ENG_SENTS=18 NO_ENG_MILESTONES=8 NO_GREEK_SENTS=26
======================================================================

processing PARA:  BOOK=10 START=412 END=453
======================================================================
 NO_ENG_SENTS=20 NO_ENG_MILESTONES=8 NO_GREEK_SENTS=28
======================================================================

processing PARA:  BOOK=10 START=454 END=502
======================================================================
 NO_ENG_SENTS=15 NO_ENG_MILESTONES=10 NO_GREEK_SENTS=27
======================================================================

processing PARA:  BOOK=10 START=503 END=539
======================================================================
 NO_ENG_SENTS=13 NO_ENG_MILESTONES=7 NO_GREEK_SENTS=20
======================================================================

processing PARA:  BOOK=10 START=540 END=579
======================================================================
 NO_ENG_SENTS=19 NO_ENG_MILESTONES=8 NO_GREEK_SENTS=21
======================================================================


########################################################################
	PROCESSED PARAS:	14
	EN SENTS:	232
	EN MILESTONES:	116
	GR SENTS:	334

########################################################################
