
processing PARA:  BOOK=3 START=1 END=37
======================================================================
 NO_ENG_SENTS=9 NO_ENG_MILESTONES=8 NO_GREEK_SENTS=16
======================================================================

processing PARA:  BOOK=3 START=38 END=75
======================================================================
 NO_ENG_SENTS=17 NO_ENG_MILESTONES=8 NO_GREEK_SENTS=19
======================================================================

processing PARA:  BOOK=3 START=76 END=110
======================================================================
 NO_ENG_SENTS=14 NO_ENG_MILESTONES=7 NO_GREEK_SENTS=23
======================================================================

processing PARA:  BOOK=3 START=111 END=145
======================================================================
 NO_ENG_SENTS=12 NO_ENG_MILESTONES=7 NO_GREEK_SENTS=17
======================================================================

processing PARA:  BOOK=3 START=146 END=190
======================================================================
 NO_ENG_SENTS=21 NO_ENG_MILESTONES=9 NO_GREEK_SENTS=25
======================================================================

processing PARA:  BOOK=3 START=191 END=224
======================================================================
 NO_ENG_SENTS=13 NO_ENG_MILESTONES=6 NO_GREEK_SENTS=18
======================================================================

processing PARA:  BOOK=3 START=225 END=263
======================================================================
 NO_ENG_SENTS=15 NO_ENG_MILESTONES=8 NO_GREEK_SENTS=22
======================================================================

processing PARA:  BOOK=3 START=264 END=301
======================================================================
 NO_ENG_SENTS=12 NO_ENG_MILESTONES=8 NO_GREEK_SENTS=16
======================================================================

processing PARA:  BOOK=3 START=302 END=339
======================================================================
 NO_ENG_SENTS=15 NO_ENG_MILESTONES=7 NO_GREEK_SENTS=23
======================================================================

processing PARA:  BOOK=3 START=340 END=380
======================================================================
 NO_ENG_SENTS=13 NO_ENG_MILESTONES=9 NO_GREEK_SENTS=22
======================================================================

processing PARA:  BOOK=3 START=381 END=420
======================================================================
 NO_ENG_SENTS=15 NO_ENG_MILESTONES=8 NO_GREEK_SENTS=23
======================================================================

processing PARA:  BOOK=3 START=421 END=461
======================================================================
 NO_ENG_SENTS=19 NO_ENG_MILESTONES=8 NO_GREEK_SENTS=24
======================================================================


########################################################################
	PROCESSED PARAS:	12
	EN SENTS:	175
	EN MILESTONES:	93
	GR SENTS:	248

########################################################################
