
processing PARA:  BOOK=13 START=1 END=31
======================================================================
 NO_ENG_SENTS=8 NO_ENG_MILESTONES=7 NO_GREEK_SENTS=15
======================================================================

processing PARA:  BOOK=13 START=32 END=58
======================================================================
 NO_ENG_SENTS=8 NO_ENG_MILESTONES=5 NO_GREEK_SENTS=14
======================================================================

processing PARA:  BOOK=13 START=59 END=81
======================================================================
 NO_ENG_SENTS=6 NO_ENG_MILESTONES=5 NO_GREEK_SENTS=10
======================================================================

processing PARA:  BOOK=13 START=82 END=124
======================================================================
 NO_ENG_SENTS=20 NO_ENG_MILESTONES=8 NO_GREEK_SENTS=23
======================================================================

processing PARA:  BOOK=13 START=125 END=154
======================================================================
 NO_ENG_SENTS=6 NO_ENG_MILESTONES=6 NO_GREEK_SENTS=17
======================================================================

processing PARA:  BOOK=13 START=155 END=194
======================================================================
 NO_ENG_SENTS=11 NO_ENG_MILESTONES=8 NO_GREEK_SENTS=25
======================================================================

processing PARA:  BOOK=13 START=195 END=230
======================================================================
 NO_ENG_SENTS=11 NO_ENG_MILESTONES=8 NO_GREEK_SENTS=17
======================================================================

processing PARA:  BOOK=13 START=231 END=265
======================================================================
 NO_ENG_SENTS=16 NO_ENG_MILESTONES=7 NO_GREEK_SENTS=22
======================================================================

processing PARA:  BOOK=13 START=266 END=294
======================================================================
 NO_ENG_SENTS=9 NO_ENG_MILESTONES=5 NO_GREEK_SENTS=15
======================================================================

processing PARA:  BOOK=13 START=295 END=327
======================================================================
 NO_ENG_SENTS=12 NO_ENG_MILESTONES=7 NO_GREEK_SENTS=17
======================================================================

processing PARA:  BOOK=13 START=328 END=360
======================================================================
 NO_ENG_SENTS=11 NO_ENG_MILESTONES=7 NO_GREEK_SENTS=14
======================================================================

processing PARA:  BOOK=13 START=361 END=401
======================================================================
 NO_ENG_SENTS=13 NO_ENG_MILESTONES=8 NO_GREEK_SENTS=22
======================================================================

processing PARA:  BOOK=13 START=402 END=423
======================================================================
 NO_ENG_SENTS=7 NO_ENG_MILESTONES=4 NO_GREEK_SENTS=10
======================================================================

processing PARA:  BOOK=13 START=424 END=454
======================================================================
 NO_ENG_SENTS=7 NO_ENG_MILESTONES=6 NO_GREEK_SENTS=14
======================================================================

processing PARA:  BOOK=13 START=455 END=486
======================================================================
 NO_ENG_SENTS=9 NO_ENG_MILESTONES=7 NO_GREEK_SENTS=19
======================================================================

processing PARA:  BOOK=13 START=487 END=525
======================================================================
 NO_ENG_SENTS=11 NO_ENG_MILESTONES=8 NO_GREEK_SENTS=23
======================================================================

processing PARA:  BOOK=13 START=526 END=559
======================================================================
 NO_ENG_SENTS=9 NO_ENG_MILESTONES=6 NO_GREEK_SENTS=18
======================================================================

processing PARA:  BOOK=13 START=560 END=600
======================================================================
 NO_ENG_SENTS=13 NO_ENG_MILESTONES=9 NO_GREEK_SENTS=23
======================================================================

processing PARA:  BOOK=13 START=601 END=639
======================================================================
 NO_ENG_SENTS=10 NO_ENG_MILESTONES=7 NO_GREEK_SENTS=20
======================================================================

processing PARA:  BOOK=13 START=640 END=672
======================================================================
 NO_ENG_SENTS=10 NO_ENG_MILESTONES=7 NO_GREEK_SENTS=18
======================================================================

processing PARA:  BOOK=13 START=673 END=722
======================================================================
 NO_ENG_SENTS=9 NO_ENG_MILESTONES=10 NO_GREEK_SENTS=25
======================================================================

processing PARA:  BOOK=13 START=723 END=753
======================================================================
 NO_ENG_SENTS=11 NO_ENG_MILESTONES=6 NO_GREEK_SENTS=14
======================================================================

processing PARA:  BOOK=13 START=754 END=787
======================================================================
 NO_ENG_SENTS=13 NO_ENG_MILESTONES=7 NO_GREEK_SENTS=19
======================================================================

processing PARA:  BOOK=13 START=788 END=820
======================================================================
 NO_ENG_SENTS=11 NO_ENG_MILESTONES=7 NO_GREEK_SENTS=18
======================================================================

processing PARA:  BOOK=13 START=821 END=837
======================================================================
 NO_ENG_SENTS=5 NO_ENG_MILESTONES=2 NO_GREEK_SENTS=10
======================================================================


########################################################################
	PROCESSED PARAS:	25
	EN SENTS:	256
	EN MILESTONES:	167
	GR SENTS:	442

########################################################################
