
processing PARA:  BOOK=17 START=1 END=44
======================================================================
 NO_ENG_SENTS=20 NO_ENG_MILESTONES=9 NO_GREEK_SENTS=27
======================================================================

processing PARA:  BOOK=17 START=45 END=83
======================================================================
 NO_ENG_SENTS=18 NO_ENG_MILESTONES=8 NO_GREEK_SENTS=22
======================================================================

processing PARA:  BOOK=17 START=84 END=119
======================================================================
 NO_ENG_SENTS=17 NO_ENG_MILESTONES=7 NO_GREEK_SENTS=18
======================================================================

processing PARA:  BOOK=17 START=120 END=165
======================================================================
 NO_ENG_SENTS=19 NO_ENG_MILESTONES=10 NO_GREEK_SENTS=22
======================================================================

processing PARA:  BOOK=17 START=166 END=203
======================================================================
 NO_ENG_SENTS=15 NO_ENG_MILESTONES=7 NO_GREEK_SENTS=24
======================================================================

processing PARA:  BOOK=17 START=204 END=246
======================================================================
 NO_ENG_SENTS=16 NO_ENG_MILESTONES=9 NO_GREEK_SENTS=22
======================================================================

processing PARA:  BOOK=17 START=247 END=289
======================================================================
 NO_ENG_SENTS=27 NO_ENG_MILESTONES=8 NO_GREEK_SENTS=29
======================================================================

processing PARA:  BOOK=17 START=290 END=335
======================================================================
 NO_ENG_SENTS=20 NO_ENG_MILESTONES=10 NO_GREEK_SENTS=24
======================================================================

processing PARA:  BOOK=17 START=336 END=379
======================================================================
 NO_ENG_SENTS=22 NO_ENG_MILESTONES=8 NO_GREEK_SENTS=26
======================================================================

processing PARA:  BOOK=17 START=380 END=423
======================================================================
 NO_ENG_SENTS=26 NO_ENG_MILESTONES=9 NO_GREEK_SENTS=32
======================================================================

processing PARA:  BOOK=17 START=424 END=461
======================================================================
 NO_ENG_SENTS=17 NO_ENG_MILESTONES=8 NO_GREEK_SENTS=24
======================================================================

processing PARA:  BOOK=17 START=462 END=504
======================================================================
 NO_ENG_SENTS=23 NO_ENG_MILESTONES=8 NO_GREEK_SENTS=26
======================================================================

processing PARA:  BOOK=17 START=505 END=559
======================================================================
 NO_ENG_SENTS=28 NO_ENG_MILESTONES=11 NO_GREEK_SENTS=39
======================================================================

processing PARA:  BOOK=17 START=560 END=606
======================================================================
 NO_ENG_SENTS=30 NO_ENG_MILESTONES=10 NO_GREEK_SENTS=37
======================================================================


########################################################################
	PROCESSED PARAS:	14
	EN SENTS:	298
	EN MILESTONES:	122
	GR SENTS:	372

########################################################################
