
processing PARA:  BOOK=1 START=1 END=32
======================================================================
 NO_ENG_SENTS=10 NO_ENG_MILESTONES=7 NO_GREEK_SENTS=13
======================================================================

processing PARA:  BOOK=1 START=33 END=67
======================================================================
 NO_ENG_SENTS=13 NO_ENG_MILESTONES=7 NO_GREEK_SENTS=18
======================================================================

processing PARA:  BOOK=1 START=68 END=91
======================================================================
 NO_ENG_SENTS=9 NO_ENG_MILESTONES=5 NO_GREEK_SENTS=13
======================================================================

processing PARA:  BOOK=1 START=92 END=129
======================================================================
 NO_ENG_SENTS=18 NO_ENG_MILESTONES=7 NO_GREEK_SENTS=22
======================================================================

processing PARA:  BOOK=1 START=130 END=171
======================================================================
 NO_ENG_SENTS=18 NO_ENG_MILESTONES=9 NO_GREEK_SENTS=19
======================================================================

processing PARA:  BOOK=1 START=172 END=205
======================================================================
 NO_ENG_SENTS=21 NO_ENG_MILESTONES=7 NO_GREEK_SENTS=22
======================================================================

processing PARA:  BOOK=1 START=206 END=244
======================================================================
 NO_ENG_SENTS=21 NO_ENG_MILESTONES=7 NO_GREEK_SENTS=28
======================================================================

processing PARA:  BOOK=1 START=245 END=284
======================================================================
 NO_ENG_SENTS=18 NO_ENG_MILESTONES=8 NO_GREEK_SENTS=24
======================================================================

processing PARA:  BOOK=1 START=285 END=311
======================================================================
 NO_ENG_SENTS=14 NO_ENG_MILESTONES=6 NO_GREEK_SENTS=17
======================================================================

processing PARA:  BOOK=1 START=312 END=344
======================================================================
 NO_ENG_SENTS=13 NO_ENG_MILESTONES=6 NO_GREEK_SENTS=19
======================================================================

processing PARA:  BOOK=1 START=345 END=385
======================================================================
 NO_ENG_SENTS=22 NO_ENG_MILESTONES=9 NO_GREEK_SENTS=26
======================================================================

processing PARA:  BOOK=1 START=386 END=427
======================================================================
 NO_ENG_SENTS=12 NO_ENG_MILESTONES=8 NO_GREEK_SENTS=20
======================================================================

processing PARA:  BOOK=1 START=428 END=457
======================================================================
 NO_ENG_SENTS=11 NO_ENG_MILESTONES=6 NO_GREEK_SENTS=16
======================================================================

processing PARA:  BOOK=1 START=458 END=492
======================================================================
 NO_ENG_SENTS=13 NO_ENG_MILESTONES=7 NO_GREEK_SENTS=17
======================================================================

processing PARA:  BOOK=1 START=493 END=530
======================================================================
 NO_ENG_SENTS=16 NO_ENG_MILESTONES=8 NO_GREEK_SENTS=26
======================================================================

processing PARA:  BOOK=1 START=531 END=567
======================================================================
 NO_ENG_SENTS=19 NO_ENG_MILESTONES=7 NO_GREEK_SENTS=27
======================================================================

processing PARA:  BOOK=1 START=568 END=611
======================================================================
 NO_ENG_SENTS=17 NO_ENG_MILESTONES=9 NO_GREEK_SENTS=22
======================================================================


########################################################################
	PROCESSED PARAS:	17
	EN SENTS:	265
	EN MILESTONES:	123
	GR SENTS:	349

########################################################################
