
processing PARA:  BOOK=1 START=1 END=43
======================================================================
 NO_ENG_SENTS=14 NO_ENG_MILESTONES=9 NO_GREEK_SENTS=22
======================================================================

processing PARA:  BOOK=1 START=44 END=79
======================================================================
 NO_ENG_SENTS=15 NO_ENG_MILESTONES=7 NO_GREEK_SENTS=19
======================================================================

processing PARA:  BOOK=1 START=80 END=124
======================================================================
 NO_ENG_SENTS=14 NO_ENG_MILESTONES=9 NO_GREEK_SENTS=17
======================================================================

processing PARA:  BOOK=1 START=125 END=177
======================================================================
 NO_ENG_SENTS=24 NO_ENG_MILESTONES=11 NO_GREEK_SENTS=30
======================================================================

processing PARA:  BOOK=1 START=178 END=229
======================================================================
 NO_ENG_SENTS=28 NO_ENG_MILESTONES=10 NO_GREEK_SENTS=31
======================================================================

processing PARA:  BOOK=1 START=230 END=279
======================================================================
 NO_ENG_SENTS=21 NO_ENG_MILESTONES=10 NO_GREEK_SENTS=24
======================================================================

processing PARA:  BOOK=1 START=280 END=324
======================================================================
 NO_ENG_SENTS=16 NO_ENG_MILESTONES=9 NO_GREEK_SENTS=23
======================================================================

processing PARA:  BOOK=1 START=325 END=364
======================================================================
 NO_ENG_SENTS=16 NO_ENG_MILESTONES=8 NO_GREEK_SENTS=24
======================================================================

processing PARA:  BOOK=1 START=365 END=420
======================================================================
 NO_ENG_SENTS=36 NO_ENG_MILESTONES=12 NO_GREEK_SENTS=33
======================================================================

processing PARA:  BOOK=1 START=421 END=444
======================================================================
 NO_ENG_SENTS=8 NO_ENG_MILESTONES=4 NO_GREEK_SENTS=10
======================================================================


########################################################################
	PROCESSED PARAS:	10
	EN SENTS:	192
	EN MILESTONES:	89
	GR SENTS:	233

########################################################################
