
processing PARA:  BOOK=24 START=1 END=21
======================================================================
 NO_ENG_SENTS=5 NO_ENG_MILESTONES=5 NO_GREEK_SENTS=9
======================================================================

processing PARA:  BOOK=24 START=22 END=63
======================================================================
 NO_ENG_SENTS=14 NO_ENG_MILESTONES=8 NO_GREEK_SENTS=22
======================================================================

processing PARA:  BOOK=24 START=64 END=92
======================================================================
 NO_ENG_SENTS=15 NO_ENG_MILESTONES=6 NO_GREEK_SENTS=22
======================================================================

processing PARA:  BOOK=24 START=93 END=119
======================================================================
 NO_ENG_SENTS=12 NO_ENG_MILESTONES=5 NO_GREEK_SENTS=17
======================================================================

processing PARA:  BOOK=24 START=120 END=158
======================================================================
 NO_ENG_SENTS=17 NO_ENG_MILESTONES=8 NO_GREEK_SENTS=22
======================================================================

processing PARA:  BOOK=24 START=159 END=199
======================================================================
 NO_ENG_SENTS=18 NO_ENG_MILESTONES=8 NO_GREEK_SENTS=22
======================================================================

processing PARA:  BOOK=24 START=200 END=227
======================================================================
 NO_ENG_SENTS=11 NO_ENG_MILESTONES=6 NO_GREEK_SENTS=15
======================================================================

processing PARA:  BOOK=24 START=228 END=264
======================================================================
 NO_ENG_SENTS=15 NO_ENG_MILESTONES=7 NO_GREEK_SENTS=20
======================================================================

processing PARA:  BOOK=24 START=265 END=298
======================================================================
 NO_ENG_SENTS=8 NO_ENG_MILESTONES=7 NO_GREEK_SENTS=11
======================================================================

processing PARA:  BOOK=24 START=299 END=338
======================================================================
 NO_ENG_SENTS=13 NO_ENG_MILESTONES=8 NO_GREEK_SENTS=19
======================================================================

processing PARA:  BOOK=24 START=339 END=371
======================================================================
 NO_ENG_SENTS=17 NO_ENG_MILESTONES=7 NO_GREEK_SENTS=20
======================================================================

processing PARA:  BOOK=24 START=372 END=404
======================================================================
 NO_ENG_SENTS=17 NO_ENG_MILESTONES=6 NO_GREEK_SENTS=23
======================================================================

processing PARA:  BOOK=24 START=405 END=439
======================================================================
 NO_ENG_SENTS=13 NO_ENG_MILESTONES=7 NO_GREEK_SENTS=19
======================================================================

processing PARA:  BOOK=24 START=440 END=467
======================================================================
 NO_ENG_SENTS=6 NO_ENG_MILESTONES=6 NO_GREEK_SENTS=13
======================================================================

processing PARA:  BOOK=24 START=468 END=506
======================================================================
 NO_ENG_SENTS=15 NO_ENG_MILESTONES=8 NO_GREEK_SENTS=23
======================================================================

processing PARA:  BOOK=24 START=507 END=551
======================================================================
 NO_ENG_SENTS=16 NO_ENG_MILESTONES=9 NO_GREEK_SENTS=24
======================================================================

processing PARA:  BOOK=24 START=552 END=595
======================================================================
 NO_ENG_SENTS=17 NO_ENG_MILESTONES=9 NO_GREEK_SENTS=20
======================================================================

processing PARA:  BOOK=24 START=596 END=642
======================================================================
 NO_ENG_SENTS=15 NO_ENG_MILESTONES=9 NO_GREEK_SENTS=28
======================================================================

processing PARA:  BOOK=24 START=643 END=676
======================================================================
 NO_ENG_SENTS=16 NO_ENG_MILESTONES=7 NO_GREEK_SENTS=16
======================================================================

processing PARA:  BOOK=24 START=677 END=706
======================================================================
 NO_ENG_SENTS=12 NO_ENG_MILESTONES=6 NO_GREEK_SENTS=13
======================================================================

processing PARA:  BOOK=24 START=707 END=745
======================================================================
 NO_ENG_SENTS=12 NO_ENG_MILESTONES=8 NO_GREEK_SENTS=20
======================================================================

processing PARA:  BOOK=24 START=746 END=775
======================================================================
 NO_ENG_SENTS=11 NO_ENG_MILESTONES=6 NO_GREEK_SENTS=17
======================================================================

processing PARA:  BOOK=24 START=776 END=804
======================================================================
 NO_ENG_SENTS=11 NO_ENG_MILESTONES=5 NO_GREEK_SENTS=16
======================================================================


########################################################################
	PROCESSED PARAS:	23
	EN SENTS:	306
	EN MILESTONES:	161
	GR SENTS:	431

########################################################################
