
processing PARA:  BOOK=11 START=1 END=50
======================================================================
 NO_ENG_SENTS=14 NO_ENG_MILESTONES=11 NO_GREEK_SENTS=22
======================================================================

processing PARA:  BOOK=11 START=51 END=96
======================================================================
 NO_ENG_SENTS=22 NO_ENG_MILESTONES=9 NO_GREEK_SENTS=24
======================================================================

processing PARA:  BOOK=11 START=97 END=137
======================================================================
 NO_ENG_SENTS=11 NO_ENG_MILESTONES=8 NO_GREEK_SENTS=18
======================================================================

processing PARA:  BOOK=11 START=138 END=179
======================================================================
 NO_ENG_SENTS=25 NO_ENG_MILESTONES=8 NO_GREEK_SENTS=26
======================================================================

processing PARA:  BOOK=11 START=180 END=224
======================================================================
 NO_ENG_SENTS=17 NO_ENG_MILESTONES=9 NO_GREEK_SENTS=22
======================================================================

processing PARA:  BOOK=11 START=225 END=270
======================================================================
 NO_ENG_SENTS=19 NO_ENG_MILESTONES=10 NO_GREEK_SENTS=24
======================================================================

processing PARA:  BOOK=11 START=271 END=320
======================================================================
 NO_ENG_SENTS=18 NO_ENG_MILESTONES=10 NO_GREEK_SENTS=23
======================================================================

processing PARA:  BOOK=11 START=321 END=360
======================================================================
 NO_ENG_SENTS=21 NO_ENG_MILESTONES=8 NO_GREEK_SENTS=24
======================================================================

processing PARA:  BOOK=11 START=361 END=403
======================================================================
 NO_ENG_SENTS=17 NO_ENG_MILESTONES=8 NO_GREEK_SENTS=20
======================================================================

processing PARA:  BOOK=11 START=404 END=439
======================================================================
 NO_ENG_SENTS=12 NO_ENG_MILESTONES=7 NO_GREEK_SENTS=15
======================================================================

processing PARA:  BOOK=11 START=440 END=485
======================================================================
 NO_ENG_SENTS=22 NO_ENG_MILESTONES=10 NO_GREEK_SENTS=28
======================================================================

processing PARA:  BOOK=11 START=486 END=537
======================================================================
 NO_ENG_SENTS=17 NO_ENG_MILESTONES=10 NO_GREEK_SENTS=22
======================================================================

processing PARA:  BOOK=11 START=538 END=566
======================================================================
 NO_ENG_SENTS=12 NO_ENG_MILESTONES=6 NO_GREEK_SENTS=16
======================================================================

processing PARA:  BOOK=11 START=567 END=600
======================================================================
 NO_ENG_SENTS=12 NO_ENG_MILESTONES=7 NO_GREEK_SENTS=16
======================================================================

processing PARA:  BOOK=11 START=601 END=640
======================================================================
 NO_ENG_SENTS=14 NO_ENG_MILESTONES=8 NO_GREEK_SENTS=21
======================================================================


########################################################################
	PROCESSED PARAS:	15
	EN SENTS:	253
	EN MILESTONES:	129
	GR SENTS:	321

########################################################################
