
processing PARA:  BOOK=5 START=1 END=49
======================================================================
 NO_ENG_SENTS=18 NO_ENG_MILESTONES=10 NO_GREEK_SENTS=24
======================================================================

processing PARA:  BOOK=5 START=50 END=91
======================================================================
 NO_ENG_SENTS=16 NO_ENG_MILESTONES=9 NO_GREEK_SENTS=25
======================================================================

processing PARA:  BOOK=5 START=92 END=144
======================================================================
 NO_ENG_SENTS=23 NO_ENG_MILESTONES=10 NO_GREEK_SENTS=28
======================================================================

processing PARA:  BOOK=5 START=145 END=191
======================================================================
 NO_ENG_SENTS=18 NO_ENG_MILESTONES=10 NO_GREEK_SENTS=24
======================================================================

processing PARA:  BOOK=5 START=192 END=227
======================================================================
 NO_ENG_SENTS=17 NO_ENG_MILESTONES=7 NO_GREEK_SENTS=20
======================================================================

processing PARA:  BOOK=5 START=228 END=261
======================================================================
 NO_ENG_SENTS=13 NO_ENG_MILESTONES=7 NO_GREEK_SENTS=21
======================================================================

processing PARA:  BOOK=5 START=262 END=312
======================================================================
 NO_ENG_SENTS=23 NO_ENG_MILESTONES=10 NO_GREEK_SENTS=29
======================================================================

processing PARA:  BOOK=5 START=313 END=364
======================================================================
 NO_ENG_SENTS=23 NO_ENG_MILESTONES=10 NO_GREEK_SENTS=27
======================================================================

processing PARA:  BOOK=5 START=365 END=407
======================================================================
 NO_ENG_SENTS=14 NO_ENG_MILESTONES=9 NO_GREEK_SENTS=22
======================================================================

processing PARA:  BOOK=5 START=408 END=450
======================================================================
 NO_ENG_SENTS=17 NO_ENG_MILESTONES=9 NO_GREEK_SENTS=20
======================================================================

processing PARA:  BOOK=5 START=451 END=492
======================================================================
 NO_ENG_SENTS=18 NO_ENG_MILESTONES=8 NO_GREEK_SENTS=27
======================================================================


########################################################################
	PROCESSED PARAS:	11
	EN SENTS:	200
	EN MILESTONES:	99
	GR SENTS:	267

########################################################################
