
processing PARA:  BOOK=13 START=1 END=46
======================================================================
 NO_ENG_SENTS=20 NO_ENG_MILESTONES=10 NO_GREEK_SENTS=26
======================================================================

processing PARA:  BOOK=13 START=47 END=92
======================================================================
 NO_ENG_SENTS=16 NO_ENG_MILESTONES=9 NO_GREEK_SENTS=22
======================================================================

processing PARA:  BOOK=13 START=93 END=138
======================================================================
 NO_ENG_SENTS=15 NO_ENG_MILESTONES=9 NO_GREEK_SENTS=22
======================================================================

processing PARA:  BOOK=13 START=139 END=183
======================================================================
 NO_ENG_SENTS=26 NO_ENG_MILESTONES=9 NO_GREEK_SENTS=32
======================================================================

processing PARA:  BOOK=13 START=184 END=216
======================================================================
 NO_ENG_SENTS=14 NO_ENG_MILESTONES=7 NO_GREEK_SENTS=17
======================================================================

processing PARA:  BOOK=13 START=217 END=249
======================================================================
 NO_ENG_SENTS=18 NO_ENG_MILESTONES=6 NO_GREEK_SENTS=21
======================================================================

processing PARA:  BOOK=13 START=250 END=286
======================================================================
 NO_ENG_SENTS=12 NO_ENG_MILESTONES=8 NO_GREEK_SENTS=16
======================================================================

processing PARA:  BOOK=13 START=287 END=328
======================================================================
 NO_ENG_SENTS=15 NO_ENG_MILESTONES=8 NO_GREEK_SENTS=17
======================================================================

processing PARA:  BOOK=13 START=329 END=365
======================================================================
 NO_ENG_SENTS=16 NO_ENG_MILESTONES=8 NO_GREEK_SENTS=22
======================================================================

processing PARA:  BOOK=13 START=366 END=415
======================================================================
 NO_ENG_SENTS=19 NO_ENG_MILESTONES=10 NO_GREEK_SENTS=22
======================================================================

processing PARA:  BOOK=13 START=416 END=440
======================================================================
 NO_ENG_SENTS=13 NO_ENG_MILESTONES=5 NO_GREEK_SENTS=18
======================================================================


########################################################################
	PROCESSED PARAS:	11
	EN SENTS:	184
	EN MILESTONES:	89
	GR SENTS:	235

########################################################################
