
processing PARA:  BOOK=19 START=1 END=36
======================================================================
 NO_ENG_SENTS=16 NO_ENG_MILESTONES=8 NO_GREEK_SENTS=21
======================================================================

processing PARA:  BOOK=19 START=37 END=73
======================================================================
 NO_ENG_SENTS=14 NO_ENG_MILESTONES=7 NO_GREEK_SENTS=18
======================================================================

processing PARA:  BOOK=19 START=74 END=113
======================================================================
 NO_ENG_SENTS=18 NO_ENG_MILESTONES=8 NO_GREEK_SENTS=26
======================================================================

processing PARA:  BOOK=19 START=114 END=153
======================================================================
 NO_ENG_SENTS=17 NO_ENG_MILESTONES=8 NO_GREEK_SENTS=24
======================================================================

processing PARA:  BOOK=19 START=154 END=183
======================================================================
 NO_ENG_SENTS=10 NO_ENG_MILESTONES=6 NO_GREEK_SENTS=15
======================================================================

processing PARA:  BOOK=19 START=184 END=214
======================================================================
 NO_ENG_SENTS=12 NO_ENG_MILESTONES=6 NO_GREEK_SENTS=15
======================================================================

processing PARA:  BOOK=19 START=215 END=237
======================================================================
 NO_ENG_SENTS=8 NO_ENG_MILESTONES=5 NO_GREEK_SENTS=12
======================================================================

processing PARA:  BOOK=19 START=238 END=275
======================================================================
 NO_ENG_SENTS=13 NO_ENG_MILESTONES=8 NO_GREEK_SENTS=21
======================================================================

processing PARA:  BOOK=19 START=276 END=308
======================================================================
 NO_ENG_SENTS=14 NO_ENG_MILESTONES=6 NO_GREEK_SENTS=15
======================================================================

processing PARA:  BOOK=19 START=309 END=348
======================================================================
 NO_ENG_SENTS=13 NO_ENG_MILESTONES=8 NO_GREEK_SENTS=17
======================================================================

processing PARA:  BOOK=19 START=349 END=386
======================================================================
 NO_ENG_SENTS=13 NO_ENG_MILESTONES=8 NO_GREEK_SENTS=22
======================================================================

processing PARA:  BOOK=19 START=387 END=424
======================================================================
 NO_ENG_SENTS=15 NO_ENG_MILESTONES=7 NO_GREEK_SENTS=25
======================================================================


########################################################################
	PROCESSED PARAS:	12
	EN SENTS:	163
	EN MILESTONES:	85
	GR SENTS:	231

########################################################################
