
processing PARA:  BOOK=8 START=1 END=40
======================================================================
 NO_ENG_SENTS=16 NO_ENG_MILESTONES=9 NO_GREEK_SENTS=23
======================================================================

processing PARA:  BOOK=8 START=41 END=77
======================================================================
 NO_ENG_SENTS=11 NO_ENG_MILESTONES=7 NO_GREEK_SENTS=20
======================================================================

processing PARA:  BOOK=8 START=78 END=111
======================================================================
 NO_ENG_SENTS=12 NO_ENG_MILESTONES=7 NO_GREEK_SENTS=14
======================================================================

processing PARA:  BOOK=8 START=112 END=150
======================================================================
 NO_ENG_SENTS=20 NO_ENG_MILESTONES=8 NO_GREEK_SENTS=29
======================================================================

processing PARA:  BOOK=8 START=151 END=197
======================================================================
 NO_ENG_SENTS=18 NO_ENG_MILESTONES=9 NO_GREEK_SENTS=24
======================================================================

processing PARA:  BOOK=8 START=198 END=244
======================================================================
 NO_ENG_SENTS=19 NO_ENG_MILESTONES=9 NO_GREEK_SENTS=21
======================================================================

processing PARA:  BOOK=8 START=245 END=291
======================================================================
 NO_ENG_SENTS=15 NO_ENG_MILESTONES=10 NO_GREEK_SENTS=21
======================================================================

processing PARA:  BOOK=8 START=292 END=334
======================================================================
 NO_ENG_SENTS=16 NO_ENG_MILESTONES=8 NO_GREEK_SENTS=24
======================================================================

processing PARA:  BOOK=8 START=335 END=380
======================================================================
 NO_ENG_SENTS=15 NO_ENG_MILESTONES=10 NO_GREEK_SENTS=19
======================================================================

processing PARA:  BOOK=8 START=381 END=424
======================================================================
 NO_ENG_SENTS=19 NO_ENG_MILESTONES=8 NO_GREEK_SENTS=27
======================================================================

processing PARA:  BOOK=8 START=425 END=468
======================================================================
 NO_ENG_SENTS=20 NO_ENG_MILESTONES=9 NO_GREEK_SENTS=27
======================================================================

processing PARA:  BOOK=8 START=469 END=511
======================================================================
 NO_ENG_SENTS=14 NO_ENG_MILESTONES=9 NO_GREEK_SENTS=19
======================================================================

processing PARA:  BOOK=8 START=512 END=552
======================================================================
 NO_ENG_SENTS=12 NO_ENG_MILESTONES=8 NO_GREEK_SENTS=16
======================================================================

processing PARA:  BOOK=8 START=553 END=565
======================================================================
 NO_ENG_SENTS=4 NO_ENG_MILESTONES=3 NO_GREEK_SENTS=7
======================================================================


########################################################################
	PROCESSED PARAS:	14
	EN SENTS:	211
	EN MILESTONES:	114
	GR SENTS:	291

########################################################################
