
processing PARA:  BOOK=11 START=1 END=46
======================================================================
 NO_ENG_SENTS=14 NO_ENG_MILESTONES=10 NO_GREEK_SENTS=23
======================================================================

processing PARA:  BOOK=11 START=47 END=83
======================================================================
 NO_ENG_SENTS=10 NO_ENG_MILESTONES=7 NO_GREEK_SENTS=16
======================================================================

processing PARA:  BOOK=11 START=84 END=121
======================================================================
 NO_ENG_SENTS=9 NO_ENG_MILESTONES=8 NO_GREEK_SENTS=19
======================================================================

processing PARA:  BOOK=11 START=122 END=162
======================================================================
 NO_ENG_SENTS=12 NO_ENG_MILESTONES=8 NO_GREEK_SENTS=20
======================================================================

processing PARA:  BOOK=11 START=163 END=209
======================================================================
 NO_ENG_SENTS=16 NO_ENG_MILESTONES=9 NO_GREEK_SENTS=24
======================================================================

processing PARA:  BOOK=11 START=210 END=247
======================================================================
 NO_ENG_SENTS=11 NO_ENG_MILESTONES=8 NO_GREEK_SENTS=18
======================================================================

processing PARA:  BOOK=11 START=248 END=290
======================================================================
 NO_ENG_SENTS=16 NO_ENG_MILESTONES=9 NO_GREEK_SENTS=22
======================================================================

processing PARA:  BOOK=11 START=291 END=335
======================================================================
 NO_ENG_SENTS=16 NO_ENG_MILESTONES=9 NO_GREEK_SENTS=26
======================================================================

processing PARA:  BOOK=11 START=336 END=367
======================================================================
 NO_ENG_SENTS=12 NO_ENG_MILESTONES=5 NO_GREEK_SENTS=22
======================================================================

processing PARA:  BOOK=11 START=368 END=410
======================================================================
 NO_ENG_SENTS=18 NO_ENG_MILESTONES=9 NO_GREEK_SENTS=29
======================================================================

processing PARA:  BOOK=11 START=411 END=455
======================================================================
 NO_ENG_SENTS=15 NO_ENG_MILESTONES=9 NO_GREEK_SENTS=18
======================================================================

processing PARA:  BOOK=11 START=456 END=488
======================================================================
 NO_ENG_SENTS=11 NO_ENG_MILESTONES=6 NO_GREEK_SENTS=21
======================================================================

processing PARA:  BOOK=11 START=489 END=530
======================================================================
 NO_ENG_SENTS=15 NO_ENG_MILESTONES=9 NO_GREEK_SENTS=20
======================================================================

processing PARA:  BOOK=11 START=531 END=574
======================================================================
 NO_ENG_SENTS=9 NO_ENG_MILESTONES=8 NO_GREEK_SENTS=23
======================================================================

processing PARA:  BOOK=11 START=575 END=615
======================================================================
 NO_ENG_SENTS=16 NO_ENG_MILESTONES=9 NO_GREEK_SENTS=26
======================================================================

processing PARA:  BOOK=11 START=616 END=654
======================================================================
 NO_ENG_SENTS=14 NO_ENG_MILESTONES=7 NO_GREEK_SENTS=18
======================================================================

processing PARA:  BOOK=11 START=655 END=695
======================================================================
 NO_ENG_SENTS=13 NO_ENG_MILESTONES=9 NO_GREEK_SENTS=22
======================================================================

processing PARA:  BOOK=11 START=696 END=736
======================================================================
 NO_ENG_SENTS=12 NO_ENG_MILESTONES=8 NO_GREEK_SENTS=21
======================================================================

processing PARA:  BOOK=11 START=737 END=779
======================================================================
 NO_ENG_SENTS=15 NO_ENG_MILESTONES=8 NO_GREEK_SENTS=22
======================================================================

processing PARA:  BOOK=11 START=780 END=821
======================================================================
 NO_ENG_SENTS=16 NO_ENG_MILESTONES=9 NO_GREEK_SENTS=23
======================================================================

processing PARA:  BOOK=11 START=822 END=848
======================================================================
 NO_ENG_SENTS=12 NO_ENG_MILESTONES=5 NO_GREEK_SENTS=16
======================================================================


########################################################################
	PROCESSED PARAS:	21
	EN SENTS:	282
	EN MILESTONES:	169
	GR SENTS:	449

########################################################################
