
processing PARA:  BOOK=17 START=1 END=43
======================================================================
 NO_ENG_SENTS=12 NO_ENG_MILESTONES=9 NO_GREEK_SENTS=23
======================================================================

processing PARA:  BOOK=17 START=44 END=81
======================================================================
 NO_ENG_SENTS=11 NO_ENG_MILESTONES=8 NO_GREEK_SENTS=19
======================================================================

processing PARA:  BOOK=17 START=82 END=105
======================================================================
 NO_ENG_SENTS=12 NO_ENG_MILESTONES=5 NO_GREEK_SENTS=14
======================================================================

processing PARA:  BOOK=17 START=106 END=139
======================================================================
 NO_ENG_SENTS=10 NO_ENG_MILESTONES=6 NO_GREEK_SENTS=21
======================================================================

processing PARA:  BOOK=17 START=140 END=184
======================================================================
 NO_ENG_SENTS=15 NO_ENG_MILESTONES=9 NO_GREEK_SENTS=21
======================================================================

processing PARA:  BOOK=17 START=185 END=208
======================================================================
 NO_ENG_SENTS=8 NO_ENG_MILESTONES=5 NO_GREEK_SENTS=12
======================================================================

processing PARA:  BOOK=17 START=209 END=245
======================================================================
 NO_ENG_SENTS=13 NO_ENG_MILESTONES=8 NO_GREEK_SENTS=20
======================================================================

processing PARA:  BOOK=17 START=246 END=273
======================================================================
 NO_ENG_SENTS=9 NO_ENG_MILESTONES=5 NO_GREEK_SENTS=16
======================================================================

processing PARA:  BOOK=17 START=274 END=318
======================================================================
 NO_ENG_SENTS=12 NO_ENG_MILESTONES=9 NO_GREEK_SENTS=22
======================================================================

processing PARA:  BOOK=17 START=319 END=365
======================================================================
 NO_ENG_SENTS=16 NO_ENG_MILESTONES=10 NO_GREEK_SENTS=23
======================================================================

processing PARA:  BOOK=17 START=366 END=399
======================================================================
 NO_ENG_SENTS=7 NO_ENG_MILESTONES=6 NO_GREEK_SENTS=15
======================================================================

processing PARA:  BOOK=17 START=400 END=422
======================================================================
 NO_ENG_SENTS=10 NO_ENG_MILESTONES=5 NO_GREEK_SENTS=12
======================================================================

processing PARA:  BOOK=17 START=423 END=455
======================================================================
 NO_ENG_SENTS=13 NO_ENG_MILESTONES=7 NO_GREEK_SENTS=16
======================================================================

processing PARA:  BOOK=17 START=456 END=490
======================================================================
 NO_ENG_SENTS=14 NO_ENG_MILESTONES=7 NO_GREEK_SENTS=19
======================================================================

processing PARA:  BOOK=17 START=491 END=515
======================================================================
 NO_ENG_SENTS=10 NO_ENG_MILESTONES=5 NO_GREEK_SENTS=14
======================================================================

processing PARA:  BOOK=17 START=516 END=542
======================================================================
 NO_ENG_SENTS=7 NO_ENG_MILESTONES=5 NO_GREEK_SENTS=13
======================================================================

processing PARA:  BOOK=17 START=543 END=566
======================================================================
 NO_ENG_SENTS=9 NO_ENG_MILESTONES=5 NO_GREEK_SENTS=15
======================================================================

processing PARA:  BOOK=17 START=567 END=596
======================================================================
 NO_ENG_SENTS=11 NO_ENG_MILESTONES=6 NO_GREEK_SENTS=15
======================================================================

processing PARA:  BOOK=17 START=597 END=625
======================================================================
 NO_ENG_SENTS=11 NO_ENG_MILESTONES=6 NO_GREEK_SENTS=20
======================================================================

processing PARA:  BOOK=17 START=626 END=655
======================================================================
 NO_ENG_SENTS=12 NO_ENG_MILESTONES=6 NO_GREEK_SENTS=16
======================================================================

processing PARA:  BOOK=17 START=656 END=693
======================================================================
 NO_ENG_SENTS=11 NO_ENG_MILESTONES=7 NO_GREEK_SENTS=18
======================================================================

processing PARA:  BOOK=17 START=694 END=734
======================================================================
 NO_ENG_SENTS=15 NO_ENG_MILESTONES=8 NO_GREEK_SENTS=20
======================================================================

processing PARA:  BOOK=17 START=735 END=761
======================================================================
 NO_ENG_SENTS=6 NO_ENG_MILESTONES=6 NO_GREEK_SENTS=14
======================================================================


########################################################################
	PROCESSED PARAS:	23
	EN SENTS:	254
	EN MILESTONES:	153
	GR SENTS:	398

########################################################################
