
processing PARA:  BOOK=16 START=1 END=45
======================================================================
 NO_ENG_SENTS=20 NO_ENG_MILESTONES=10 NO_GREEK_SENTS=30
======================================================================

processing PARA:  BOOK=16 START=46 END=89
======================================================================
 NO_ENG_SENTS=23 NO_ENG_MILESTONES=8 NO_GREEK_SENTS=31
======================================================================

processing PARA:  BOOK=16 START=90 END=134
======================================================================
 NO_ENG_SENTS=17 NO_ENG_MILESTONES=9 NO_GREEK_SENTS=22
======================================================================

processing PARA:  BOOK=16 START=135 END=185
======================================================================
 NO_ENG_SENTS=23 NO_ENG_MILESTONES=11 NO_GREEK_SENTS=33
======================================================================

processing PARA:  BOOK=16 START=186 END=224
======================================================================
 NO_ENG_SENTS=19 NO_ENG_MILESTONES=7 NO_GREEK_SENTS=23
======================================================================

processing PARA:  BOOK=16 START=225 END=265
======================================================================
 NO_ENG_SENTS=19 NO_ENG_MILESTONES=9 NO_GREEK_SENTS=25
======================================================================

processing PARA:  BOOK=16 START=266 END=307
======================================================================
 NO_ENG_SENTS=16 NO_ENG_MILESTONES=8 NO_GREEK_SENTS=20
======================================================================

processing PARA:  BOOK=16 START=308 END=350
======================================================================
 NO_ENG_SENTS=17 NO_ENG_MILESTONES=9 NO_GREEK_SENTS=20
======================================================================

processing PARA:  BOOK=16 START=351 END=392
======================================================================
 NO_ENG_SENTS=16 NO_ENG_MILESTONES=8 NO_GREEK_SENTS=21
======================================================================

processing PARA:  BOOK=16 START=393 END=433
======================================================================
 NO_ENG_SENTS=24 NO_ENG_MILESTONES=8 NO_GREEK_SENTS=27
======================================================================

processing PARA:  BOOK=16 START=434 END=481
======================================================================
 NO_ENG_SENTS=23 NO_ENG_MILESTONES=10 NO_GREEK_SENTS=29
======================================================================


########################################################################
	PROCESSED PARAS:	11
	EN SENTS:	217
	EN MILESTONES:	97
	GR SENTS:	281

########################################################################
