
processing PARA:  BOOK=22 START=1 END=37
======================================================================
 NO_ENG_SENTS=17 NO_ENG_MILESTONES=8 NO_GREEK_SENTS=21
======================================================================

processing PARA:  BOOK=22 START=38 END=76
======================================================================
 NO_ENG_SENTS=11 NO_ENG_MILESTONES=8 NO_GREEK_SENTS=16
======================================================================

processing PARA:  BOOK=22 START=77 END=110
======================================================================
 NO_ENG_SENTS=13 NO_ENG_MILESTONES=7 NO_GREEK_SENTS=20
======================================================================

processing PARA:  BOOK=22 START=111 END=130
======================================================================
 NO_ENG_SENTS=6 NO_ENG_MILESTONES=4 NO_GREEK_SENTS=7
======================================================================

processing PARA:  BOOK=22 START=131 END=176
======================================================================
 NO_ENG_SENTS=13 NO_ENG_MILESTONES=9 NO_GREEK_SENTS=23
======================================================================

processing PARA:  BOOK=22 START=177 END=223
======================================================================
 NO_ENG_SENTS=21 NO_ENG_MILESTONES=10 NO_GREEK_SENTS=28
======================================================================

processing PARA:  BOOK=22 START=224 END=259
======================================================================
 NO_ENG_SENTS=12 NO_ENG_MILESTONES=6 NO_GREEK_SENTS=23
======================================================================

processing PARA:  BOOK=22 START=260 END=288
======================================================================
 NO_ENG_SENTS=15 NO_ENG_MILESTONES=6 NO_GREEK_SENTS=19
======================================================================

processing PARA:  BOOK=22 START=289 END=336
======================================================================
 NO_ENG_SENTS=17 NO_ENG_MILESTONES=10 NO_GREEK_SENTS=28
======================================================================

processing PARA:  BOOK=22 START=337 END=366
======================================================================
 NO_ENG_SENTS=11 NO_ENG_MILESTONES=6 NO_GREEK_SENTS=14
======================================================================

processing PARA:  BOOK=22 START=367 END=404
======================================================================
 NO_ENG_SENTS=16 NO_ENG_MILESTONES=7 NO_GREEK_SENTS=20
======================================================================

processing PARA:  BOOK=22 START=405 END=436
======================================================================
 NO_ENG_SENTS=15 NO_ENG_MILESTONES=7 NO_GREEK_SENTS=21
======================================================================

processing PARA:  BOOK=22 START=437 END=472
======================================================================
 NO_ENG_SENTS=11 NO_ENG_MILESTONES=7 NO_GREEK_SENTS=16
======================================================================

processing PARA:  BOOK=22 START=473 END=515
======================================================================
 NO_ENG_SENTS=16 NO_ENG_MILESTONES=9 NO_GREEK_SENTS=25
======================================================================


########################################################################
	PROCESSED PARAS:	14
	EN SENTS:	194
	EN MILESTONES:	104
	GR SENTS:	281

########################################################################
