
processing PARA:  BOOK=7 START=1 END=36
======================================================================
 NO_ENG_SENTS=14 NO_ENG_MILESTONES=8 NO_GREEK_SENTS=20
======================================================================

processing PARA:  BOOK=7 START=37 END=76
======================================================================
 NO_ENG_SENTS=14 NO_ENG_MILESTONES=8 NO_GREEK_SENTS=21
======================================================================

processing PARA:  BOOK=7 START=77 END=106
======================================================================
 NO_ENG_SENTS=11 NO_ENG_MILESTONES=6 NO_GREEK_SENTS=13
======================================================================

processing PARA:  BOOK=7 START=107 END=151
======================================================================
 NO_ENG_SENTS=15 NO_ENG_MILESTONES=9 NO_GREEK_SENTS=24
======================================================================

processing PARA:  BOOK=7 START=152 END=197
======================================================================
 NO_ENG_SENTS=18 NO_ENG_MILESTONES=9 NO_GREEK_SENTS=19
======================================================================

processing PARA:  BOOK=7 START=198 END=239
======================================================================
 NO_ENG_SENTS=17 NO_ENG_MILESTONES=8 NO_GREEK_SENTS=22
======================================================================

processing PARA:  BOOK=7 START=240 END=286
======================================================================
 NO_ENG_SENTS=16 NO_ENG_MILESTONES=10 NO_GREEK_SENTS=22
======================================================================

processing PARA:  BOOK=7 START=287 END=316
======================================================================
 NO_ENG_SENTS=15 NO_ENG_MILESTONES=6 NO_GREEK_SENTS=21
======================================================================

processing PARA:  BOOK=7 START=317 END=347
======================================================================
 NO_ENG_SENTS=14 NO_ENG_MILESTONES=6 NO_GREEK_SENTS=16
======================================================================


########################################################################
	PROCESSED PARAS:	9
	EN SENTS:	134
	EN MILESTONES:	70
	GR SENTS:	178

########################################################################
