
processing PARA:  BOOK=20 START=1 END=43
======================================================================
 NO_ENG_SENTS=18 NO_ENG_MILESTONES=9 NO_GREEK_SENTS=29
======================================================================

processing PARA:  BOOK=20 START=44 END=90
======================================================================
 NO_ENG_SENTS=14 NO_ENG_MILESTONES=10 NO_GREEK_SENTS=20
======================================================================

processing PARA:  BOOK=20 START=91 END=132
======================================================================
 NO_ENG_SENTS=21 NO_ENG_MILESTONES=8 NO_GREEK_SENTS=28
======================================================================

processing PARA:  BOOK=20 START=133 END=182
======================================================================
 NO_ENG_SENTS=23 NO_ENG_MILESTONES=10 NO_GREEK_SENTS=30
======================================================================

processing PARA:  BOOK=20 START=183 END=225
======================================================================
 NO_ENG_SENTS=18 NO_ENG_MILESTONES=9 NO_GREEK_SENTS=26
======================================================================

processing PARA:  BOOK=20 START=226 END=267
======================================================================
 NO_ENG_SENTS=19 NO_ENG_MILESTONES=8 NO_GREEK_SENTS=24
======================================================================

processing PARA:  BOOK=20 START=268 END=298
======================================================================
 NO_ENG_SENTS=13 NO_ENG_MILESTONES=6 NO_GREEK_SENTS=21
======================================================================

processing PARA:  BOOK=20 START=299 END=344
======================================================================
 NO_ENG_SENTS=20 NO_ENG_MILESTONES=9 NO_GREEK_SENTS=28
======================================================================

processing PARA:  BOOK=20 START=345 END=394
======================================================================
 NO_ENG_SENTS=27 NO_ENG_MILESTONES=10 NO_GREEK_SENTS=32
======================================================================


########################################################################
	PROCESSED PARAS:	9
	EN SENTS:	173
	EN MILESTONES:	79
	GR SENTS:	238

########################################################################
