
processing PARA:  BOOK=20 START=1 END=29
======================================================================
 NO_ENG_SENTS=13 NO_ENG_MILESTONES=6 NO_GREEK_SENTS=17
======================================================================

processing PARA:  BOOK=20 START=30 END=53
======================================================================
 NO_ENG_SENTS=6 NO_ENG_MILESTONES=5 NO_GREEK_SENTS=9
======================================================================

processing PARA:  BOOK=20 START=54 END=85
======================================================================
 NO_ENG_SENTS=12 NO_ENG_MILESTONES=7 NO_GREEK_SENTS=16
======================================================================

processing PARA:  BOOK=20 START=86 END=109
======================================================================
 NO_ENG_SENTS=11 NO_ENG_MILESTONES=4 NO_GREEK_SENTS=14
======================================================================

processing PARA:  BOOK=20 START=110 END=143
======================================================================
 NO_ENG_SENTS=12 NO_ENG_MILESTONES=7 NO_GREEK_SENTS=17
======================================================================

processing PARA:  BOOK=20 START=144 END=175
======================================================================
 NO_ENG_SENTS=6 NO_ENG_MILESTONES=7 NO_GREEK_SENTS=13
======================================================================

processing PARA:  BOOK=20 START=176 END=198
======================================================================
 NO_ENG_SENTS=11 NO_ENG_MILESTONES=4 NO_GREEK_SENTS=16
======================================================================

processing PARA:  BOOK=20 START=199 END=241
======================================================================
 NO_ENG_SENTS=15 NO_ENG_MILESTONES=9 NO_GREEK_SENTS=24
======================================================================

processing PARA:  BOOK=20 START=242 END=272
======================================================================
 NO_ENG_SENTS=11 NO_ENG_MILESTONES=6 NO_GREEK_SENTS=17
======================================================================

processing PARA:  BOOK=20 START=273 END=308
======================================================================
 NO_ENG_SENTS=12 NO_ENG_MILESTONES=7 NO_GREEK_SENTS=16
======================================================================

processing PARA:  BOOK=20 START=309 END=339
======================================================================
 NO_ENG_SENTS=10 NO_ENG_MILESTONES=5 NO_GREEK_SENTS=13
======================================================================

processing PARA:  BOOK=20 START=340 END=372
======================================================================
 NO_ENG_SENTS=15 NO_ENG_MILESTONES=7 NO_GREEK_SENTS=21
======================================================================

processing PARA:  BOOK=20 START=373 END=418
======================================================================
 NO_ENG_SENTS=17 NO_ENG_MILESTONES=9 NO_GREEK_SENTS=23
======================================================================

processing PARA:  BOOK=20 START=419 END=454
======================================================================
 NO_ENG_SENTS=18 NO_ENG_MILESTONES=7 NO_GREEK_SENTS=22
======================================================================

processing PARA:  BOOK=20 START=455 END=489
======================================================================
 NO_ENG_SENTS=11 NO_ENG_MILESTONES=7 NO_GREEK_SENTS=22
======================================================================

processing PARA:  BOOK=20 START=490 END=503
======================================================================
 NO_ENG_SENTS=3 NO_ENG_MILESTONES=3 NO_GREEK_SENTS=5
======================================================================


########################################################################
	PROCESSED PARAS:	16
	EN SENTS:	183
	EN MILESTONES:	100
	GR SENTS:	265

########################################################################
