
processing PARA:  BOOK=6 START=1 END=36
======================================================================
 NO_ENG_SENTS=11 NO_ENG_MILESTONES=8 NO_GREEK_SENTS=20
======================================================================

processing PARA:  BOOK=6 START=37 END=71
======================================================================
 NO_ENG_SENTS=11 NO_ENG_MILESTONES=7 NO_GREEK_SENTS=19
======================================================================

processing PARA:  BOOK=6 START=72 END=115
======================================================================
 NO_ENG_SENTS=10 NO_ENG_MILESTONES=9 NO_GREEK_SENTS=15
======================================================================

processing PARA:  BOOK=6 START=116 END=155
======================================================================
 NO_ENG_SENTS=18 NO_ENG_MILESTONES=8 NO_GREEK_SENTS=26
======================================================================

processing PARA:  BOOK=6 START=156 END=190
======================================================================
 NO_ENG_SENTS=15 NO_ENG_MILESTONES=7 NO_GREEK_SENTS=22
======================================================================

processing PARA:  BOOK=6 START=191 END=231
======================================================================
 NO_ENG_SENTS=15 NO_ENG_MILESTONES=8 NO_GREEK_SENTS=21
======================================================================

processing PARA:  BOOK=6 START=232 END=262
======================================================================
 NO_ENG_SENTS=9 NO_ENG_MILESTONES=6 NO_GREEK_SENTS=14
======================================================================

processing PARA:  BOOK=6 START=263 END=296
======================================================================
 NO_ENG_SENTS=11 NO_ENG_MILESTONES=7 NO_GREEK_SENTS=16
======================================================================

processing PARA:  BOOK=6 START=297 END=331
======================================================================
 NO_ENG_SENTS=11 NO_ENG_MILESTONES=7 NO_GREEK_SENTS=16
======================================================================

processing PARA:  BOOK=6 START=332 END=368
======================================================================
 NO_ENG_SENTS=16 NO_ENG_MILESTONES=7 NO_GREEK_SENTS=23
======================================================================

processing PARA:  BOOK=6 START=369 END=413
======================================================================
 NO_ENG_SENTS=16 NO_ENG_MILESTONES=9 NO_GREEK_SENTS=22
======================================================================

processing PARA:  BOOK=6 START=414 END=465
======================================================================
 NO_ENG_SENTS=20 NO_ENG_MILESTONES=11 NO_GREEK_SENTS=24
======================================================================

processing PARA:  BOOK=6 START=466 END=502
======================================================================
 NO_ENG_SENTS=12 NO_ENG_MILESTONES=7 NO_GREEK_SENTS=21
======================================================================

processing PARA:  BOOK=6 START=503 END=529
======================================================================
 NO_ENG_SENTS=8 NO_ENG_MILESTONES=5 NO_GREEK_SENTS=14
======================================================================


########################################################################
	PROCESSED PARAS:	14
	EN SENTS:	183
	EN MILESTONES:	106
	GR SENTS:	273

########################################################################
