
processing PARA:  BOOK=12 START=1 END=35
======================================================================
 NO_ENG_SENTS=12 NO_ENG_MILESTONES=8 NO_GREEK_SENTS=17
======================================================================

processing PARA:  BOOK=12 START=36 END=72
======================================================================
 NO_ENG_SENTS=12 NO_ENG_MILESTONES=7 NO_GREEK_SENTS=16
======================================================================

processing PARA:  BOOK=12 START=73 END=110
======================================================================
 NO_ENG_SENTS=14 NO_ENG_MILESTONES=8 NO_GREEK_SENTS=22
======================================================================

processing PARA:  BOOK=12 START=111 END=152
======================================================================
 NO_ENG_SENTS=20 NO_ENG_MILESTONES=8 NO_GREEK_SENTS=27
======================================================================

processing PARA:  BOOK=12 START=153 END=191
======================================================================
 NO_ENG_SENTS=15 NO_ENG_MILESTONES=8 NO_GREEK_SENTS=21
======================================================================

processing PARA:  BOOK=12 START=192 END=233
======================================================================
 NO_ENG_SENTS=15 NO_ENG_MILESTONES=8 NO_GREEK_SENTS=23
======================================================================

processing PARA:  BOOK=12 START=234 END=276
======================================================================
 NO_ENG_SENTS=15 NO_ENG_MILESTONES=9 NO_GREEK_SENTS=20
======================================================================

processing PARA:  BOOK=12 START=277 END=326
======================================================================
 NO_ENG_SENTS=19 NO_ENG_MILESTONES=10 NO_GREEK_SENTS=27
======================================================================

processing PARA:  BOOK=12 START=327 END=363
======================================================================
 NO_ENG_SENTS=14 NO_ENG_MILESTONES=7 NO_GREEK_SENTS=17
======================================================================

processing PARA:  BOOK=12 START=364 END=396
======================================================================
 NO_ENG_SENTS=14 NO_ENG_MILESTONES=7 NO_GREEK_SENTS=18
======================================================================

processing PARA:  BOOK=12 START=397 END=425
======================================================================
 NO_ENG_SENTS=8 NO_ENG_MILESTONES=6 NO_GREEK_SENTS=14
======================================================================

processing PARA:  BOOK=12 START=426 END=453
======================================================================
 NO_ENG_SENTS=12 NO_ENG_MILESTONES=5 NO_GREEK_SENTS=16
======================================================================


########################################################################
	PROCESSED PARAS:	12
	EN SENTS:	170
	EN MILESTONES:	91
	GR SENTS:	238

########################################################################
