
processing PARA:  BOOK=21 START=1 END=33
======================================================================
 NO_ENG_SENTS=7 NO_ENG_MILESTONES=7 NO_GREEK_SENTS=15
======================================================================

processing PARA:  BOOK=21 START=34 END=63
======================================================================
 NO_ENG_SENTS=7 NO_ENG_MILESTONES=6 NO_GREEK_SENTS=15
======================================================================

processing PARA:  BOOK=21 START=64 END=96
======================================================================
 NO_ENG_SENTS=9 NO_ENG_MILESTONES=7 NO_GREEK_SENTS=21
======================================================================

processing PARA:  BOOK=21 START=97 END=135
======================================================================
 NO_ENG_SENTS=18 NO_ENG_MILESTONES=8 NO_GREEK_SENTS=22
======================================================================

processing PARA:  BOOK=21 START=136 END=160
======================================================================
 NO_ENG_SENTS=11 NO_ENG_MILESTONES=5 NO_GREEK_SENTS=16
======================================================================

processing PARA:  BOOK=21 START=161 END=199
======================================================================
 NO_ENG_SENTS=14 NO_ENG_MILESTONES=7 NO_GREEK_SENTS=24
======================================================================

processing PARA:  BOOK=21 START=200 END=232
======================================================================
 NO_ENG_SENTS=13 NO_ENG_MILESTONES=7 NO_GREEK_SENTS=17
======================================================================

processing PARA:  BOOK=21 START=233 END=271
======================================================================
 NO_ENG_SENTS=7 NO_ENG_MILESTONES=8 NO_GREEK_SENTS=20
======================================================================

processing PARA:  BOOK=21 START=272 END=297
======================================================================
 NO_ENG_SENTS=13 NO_ENG_MILESTONES=5 NO_GREEK_SENTS=17
======================================================================

processing PARA:  BOOK=21 START=298 END=323
======================================================================
 NO_ENG_SENTS=7 NO_ENG_MILESTONES=5 NO_GREEK_SENTS=12
======================================================================

processing PARA:  BOOK=21 START=324 END=360
======================================================================
 NO_ENG_SENTS=15 NO_ENG_MILESTONES=8 NO_GREEK_SENTS=23
======================================================================

processing PARA:  BOOK=21 START=361 END=399
======================================================================
 NO_ENG_SENTS=17 NO_ENG_MILESTONES=7 NO_GREEK_SENTS=23
======================================================================

processing PARA:  BOOK=21 START=400 END=433
======================================================================
 NO_ENG_SENTS=15 NO_ENG_MILESTONES=7 NO_GREEK_SENTS=19
======================================================================

processing PARA:  BOOK=21 START=434 END=467
======================================================================
 NO_ENG_SENTS=17 NO_ENG_MILESTONES=7 NO_GREEK_SENTS=21
======================================================================

processing PARA:  BOOK=21 START=468 END=501
======================================================================
 NO_ENG_SENTS=15 NO_ENG_MILESTONES=7 NO_GREEK_SENTS=20
======================================================================

processing PARA:  BOOK=21 START=502 END=536
======================================================================
 NO_ENG_SENTS=13 NO_ENG_MILESTONES=7 NO_GREEK_SENTS=22
======================================================================

processing PARA:  BOOK=21 START=537 END=570
======================================================================
 NO_ENG_SENTS=14 NO_ENG_MILESTONES=7 NO_GREEK_SENTS=21
======================================================================

processing PARA:  BOOK=21 START=571 END=611
======================================================================
 NO_ENG_SENTS=11 NO_ENG_MILESTONES=8 NO_GREEK_SENTS=21
======================================================================


########################################################################
	PROCESSED PARAS:	18
	EN SENTS:	223
	EN MILESTONES:	123
	GR SENTS:	349

########################################################################
