
processing PARA:  BOOK=23 START=1 END=48
======================================================================
 NO_ENG_SENTS=19 NO_ENG_MILESTONES=10 NO_GREEK_SENTS=28
======================================================================

processing PARA:  BOOK=23 START=49 END=84
======================================================================
 NO_ENG_SENTS=19 NO_ENG_MILESTONES=7 NO_GREEK_SENTS=23
======================================================================

processing PARA:  BOOK=23 START=85 END=128
======================================================================
 NO_ENG_SENTS=19 NO_ENG_MILESTONES=9 NO_GREEK_SENTS=26
======================================================================

processing PARA:  BOOK=23 START=129 END=180
======================================================================
 NO_ENG_SENTS=22 NO_ENG_MILESTONES=11 NO_GREEK_SENTS=27
======================================================================

processing PARA:  BOOK=23 START=181 END=230
======================================================================
 NO_ENG_SENTS=20 NO_ENG_MILESTONES=10 NO_GREEK_SENTS=26
======================================================================

processing PARA:  BOOK=23 START=231 END=262
======================================================================
 NO_ENG_SENTS=10 NO_ENG_MILESTONES=6 NO_GREEK_SENTS=13
======================================================================

processing PARA:  BOOK=23 START=263 END=309
======================================================================
 NO_ENG_SENTS=18 NO_ENG_MILESTONES=9 NO_GREEK_SENTS=22
======================================================================

processing PARA:  BOOK=23 START=310 END=343
======================================================================
 NO_ENG_SENTS=9 NO_ENG_MILESTONES=7 NO_GREEK_SENTS=13
======================================================================

processing PARA:  BOOK=23 START=344 END=372
======================================================================
 NO_ENG_SENTS=10 NO_ENG_MILESTONES=6 NO_GREEK_SENTS=14
======================================================================


########################################################################
	PROCESSED PARAS:	9
	EN SENTS:	146
	EN MILESTONES:	75
	GR SENTS:	192

########################################################################
