
processing PARA:  BOOK=19 START=1 END=46
======================================================================
 NO_ENG_SENTS=20 NO_ENG_MILESTONES=10 NO_GREEK_SENTS=31
======================================================================

processing PARA:  BOOK=19 START=47 END=88
======================================================================
 NO_ENG_SENTS=20 NO_ENG_MILESTONES=8 NO_GREEK_SENTS=27
======================================================================

processing PARA:  BOOK=19 START=89 END=147
======================================================================
 NO_ENG_SENTS=24 NO_ENG_MILESTONES=12 NO_GREEK_SENTS=31
======================================================================

processing PARA:  BOOK=19 START=148 END=189
======================================================================
 NO_ENG_SENTS=18 NO_ENG_MILESTONES=8 NO_GREEK_SENTS=26
======================================================================

processing PARA:  BOOK=19 START=190 END=240
======================================================================
 NO_ENG_SENTS=21 NO_ENG_MILESTONES=11 NO_GREEK_SENTS=33
======================================================================

processing PARA:  BOOK=19 START=241 END=276
======================================================================
 NO_ENG_SENTS=13 NO_ENG_MILESTONES=7 NO_GREEK_SENTS=22
======================================================================

processing PARA:  BOOK=19 START=277 END=316
======================================================================
 NO_ENG_SENTS=17 NO_ENG_MILESTONES=8 NO_GREEK_SENTS=22
======================================================================

processing PARA:  BOOK=19 START=317 END=360
======================================================================
 NO_ENG_SENTS=17 NO_ENG_MILESTONES=9 NO_GREEK_SENTS=21
======================================================================

processing PARA:  BOOK=19 START=361 END=404
======================================================================
 NO_ENG_SENTS=18 NO_ENG_MILESTONES=8 NO_GREEK_SENTS=24
======================================================================

processing PARA:  BOOK=19 START=405 END=454
======================================================================
 NO_ENG_SENTS=19 NO_ENG_MILESTONES=10 NO_GREEK_SENTS=28
======================================================================

processing PARA:  BOOK=19 START=455 END=498
======================================================================
 NO_ENG_SENTS=23 NO_ENG_MILESTONES=9 NO_GREEK_SENTS=26
======================================================================

processing PARA:  BOOK=19 START=499 END=543
======================================================================
 NO_ENG_SENTS=16 NO_ENG_MILESTONES=9 NO_GREEK_SENTS=21
======================================================================

processing PARA:  BOOK=19 START=544 END=575
======================================================================
 NO_ENG_SENTS=16 NO_ENG_MILESTONES=7 NO_GREEK_SENTS=21
======================================================================

processing PARA:  BOOK=19 START=576 END=604
======================================================================
 NO_ENG_SENTS=11 NO_ENG_MILESTONES=5 NO_GREEK_SENTS=14
======================================================================


########################################################################
	PROCESSED PARAS:	14
	EN SENTS:	253
	EN MILESTONES:	121
	GR SENTS:	347

########################################################################
