
processing PARA:  BOOK=18 START=1 END=49
======================================================================
 NO_ENG_SENTS=30 NO_ENG_MILESTONES=10 NO_GREEK_SENTS=33
======================================================================

processing PARA:  BOOK=18 START=50 END=87
======================================================================
 NO_ENG_SENTS=19 NO_ENG_MILESTONES=8 NO_GREEK_SENTS=22
======================================================================

processing PARA:  BOOK=18 START=88 END=123
======================================================================
 NO_ENG_SENTS=15 NO_ENG_MILESTONES=7 NO_GREEK_SENTS=23
======================================================================

processing PARA:  BOOK=18 START=124 END=168
======================================================================
 NO_ENG_SENTS=19 NO_ENG_MILESTONES=9 NO_GREEK_SENTS=25
======================================================================

processing PARA:  BOOK=18 START=169 END=205
======================================================================
 NO_ENG_SENTS=19 NO_ENG_MILESTONES=8 NO_GREEK_SENTS=21
======================================================================

processing PARA:  BOOK=18 START=206 END=249
======================================================================
 NO_ENG_SENTS=18 NO_ENG_MILESTONES=8 NO_GREEK_SENTS=23
======================================================================

processing PARA:  BOOK=18 START=250 END=289
======================================================================
 NO_ENG_SENTS=18 NO_ENG_MILESTONES=8 NO_GREEK_SENTS=23
======================================================================

processing PARA:  BOOK=18 START=290 END=336
======================================================================
 NO_ENG_SENTS=22 NO_ENG_MILESTONES=10 NO_GREEK_SENTS=30
======================================================================

processing PARA:  BOOK=18 START=337 END=364
======================================================================
 NO_ENG_SENTS=13 NO_ENG_MILESTONES=5 NO_GREEK_SENTS=17
======================================================================

processing PARA:  BOOK=18 START=365 END=393
======================================================================
 NO_ENG_SENTS=12 NO_ENG_MILESTONES=6 NO_GREEK_SENTS=13
======================================================================

processing PARA:  BOOK=18 START=394 END=428
======================================================================
 NO_ENG_SENTS=19 NO_ENG_MILESTONES=7 NO_GREEK_SENTS=25
======================================================================


########################################################################
	PROCESSED PARAS:	11
	EN SENTS:	204
	EN MILESTONES:	86
	GR SENTS:	255

########################################################################
