
processing PARA:  BOOK=15 START=1 END=33
======================================================================
 NO_ENG_SENTS=12 NO_ENG_MILESTONES=7 NO_GREEK_SENTS=13
======================================================================

processing PARA:  BOOK=15 START=34 END=77
======================================================================
 NO_ENG_SENTS=10 NO_ENG_MILESTONES=9 NO_GREEK_SENTS=12
======================================================================

processing PARA:  BOOK=15 START=78 END=112
======================================================================
 NO_ENG_SENTS=17 NO_ENG_MILESTONES=7 NO_GREEK_SENTS=25
======================================================================

processing PARA:  BOOK=15 START=113 END=148
======================================================================
 NO_ENG_SENTS=14 NO_ENG_MILESTONES=7 NO_GREEK_SENTS=17
======================================================================

processing PARA:  BOOK=15 START=149 END=183
======================================================================
 NO_ENG_SENTS=14 NO_ENG_MILESTONES=7 NO_GREEK_SENTS=18
======================================================================

processing PARA:  BOOK=15 START=184 END=219
======================================================================
 NO_ENG_SENTS=17 NO_ENG_MILESTONES=7 NO_GREEK_SENTS=21
======================================================================

processing PARA:  BOOK=15 START=220 END=252
======================================================================
 NO_ENG_SENTS=15 NO_ENG_MILESTONES=7 NO_GREEK_SENTS=19
======================================================================

processing PARA:  BOOK=15 START=253 END=280
======================================================================
 NO_ENG_SENTS=7 NO_ENG_MILESTONES=6 NO_GREEK_SENTS=16
======================================================================

processing PARA:  BOOK=15 START=281 END=311
======================================================================
 NO_ENG_SENTS=10 NO_ENG_MILESTONES=6 NO_GREEK_SENTS=17
======================================================================

processing PARA:  BOOK=15 START=312 END=342
======================================================================
 NO_ENG_SENTS=8 NO_ENG_MILESTONES=6 NO_GREEK_SENTS=14
======================================================================

processing PARA:  BOOK=15 START=343 END=378
======================================================================
 NO_ENG_SENTS=11 NO_ENG_MILESTONES=7 NO_GREEK_SENTS=13
======================================================================

processing PARA:  BOOK=15 START=379 END=404
======================================================================
 NO_ENG_SENTS=8 NO_ENG_MILESTONES=5 NO_GREEK_SENTS=11
======================================================================

processing PARA:  BOOK=15 START=405 END=441
======================================================================
 NO_ENG_SENTS=13 NO_ENG_MILESTONES=8 NO_GREEK_SENTS=17
======================================================================

processing PARA:  BOOK=15 START=442 END=477
======================================================================
 NO_ENG_SENTS=14 NO_ENG_MILESTONES=7 NO_GREEK_SENTS=20
======================================================================

processing PARA:  BOOK=15 START=478 END=513
======================================================================
 NO_ENG_SENTS=14 NO_ENG_MILESTONES=7 NO_GREEK_SENTS=19
======================================================================

processing PARA:  BOOK=15 START=514 END=558
======================================================================
 NO_ENG_SENTS=17 NO_ENG_MILESTONES=9 NO_GREEK_SENTS=30
======================================================================

processing PARA:  BOOK=15 START=559 END=591
======================================================================
 NO_ENG_SENTS=11 NO_ENG_MILESTONES=7 NO_GREEK_SENTS=21
======================================================================

processing PARA:  BOOK=15 START=592 END=652
======================================================================
 NO_ENG_SENTS=15 NO_ENG_MILESTONES=12 NO_GREEK_SENTS=28
======================================================================

processing PARA:  BOOK=15 START=653 END=695
======================================================================
 NO_ENG_SENTS=10 NO_ENG_MILESTONES=9 NO_GREEK_SENTS=21
======================================================================

processing PARA:  BOOK=15 START=696 END=746
======================================================================
 NO_ENG_SENTS=20 NO_ENG_MILESTONES=10 NO_GREEK_SENTS=28
======================================================================


########################################################################
	PROCESSED PARAS:	20
	EN SENTS:	257
	EN MILESTONES:	150
	GR SENTS:	380

########################################################################
