
processing PARA:  BOOK=9 START=1 END=46
======================================================================
 NO_ENG_SENTS=18 NO_ENG_MILESTONES=10 NO_GREEK_SENTS=23
======================================================================

processing PARA:  BOOK=9 START=47 END=81
======================================================================
 NO_ENG_SENTS=12 NO_ENG_MILESTONES=7 NO_GREEK_SENTS=18
======================================================================

processing PARA:  BOOK=9 START=82 END=115
======================================================================
 NO_ENG_SENTS=9 NO_ENG_MILESTONES=7 NO_GREEK_SENTS=13
======================================================================

processing PARA:  BOOK=9 START=116 END=160
======================================================================
 NO_ENG_SENTS=13 NO_ENG_MILESTONES=9 NO_GREEK_SENTS=25
======================================================================

processing PARA:  BOOK=9 START=161 END=192
======================================================================
 NO_ENG_SENTS=12 NO_ENG_MILESTONES=6 NO_GREEK_SENTS=17
======================================================================

processing PARA:  BOOK=9 START=193 END=230
======================================================================
 NO_ENG_SENTS=17 NO_ENG_MILESTONES=8 NO_GREEK_SENTS=18
======================================================================

processing PARA:  BOOK=9 START=231 END=280
======================================================================
 NO_ENG_SENTS=22 NO_ENG_MILESTONES=10 NO_GREEK_SENTS=27
======================================================================

processing PARA:  BOOK=9 START=281 END=317
======================================================================
 NO_ENG_SENTS=16 NO_ENG_MILESTONES=7 NO_GREEK_SENTS=21
======================================================================

processing PARA:  BOOK=9 START=318 END=359
======================================================================
 NO_ENG_SENTS=16 NO_ENG_MILESTONES=8 NO_GREEK_SENTS=25
======================================================================

processing PARA:  BOOK=9 START=360 END=408
======================================================================
 NO_ENG_SENTS=21 NO_ENG_MILESTONES=10 NO_GREEK_SENTS=33
======================================================================

processing PARA:  BOOK=9 START=409 END=460
======================================================================
 NO_ENG_SENTS=24 NO_ENG_MILESTONES=11 NO_GREEK_SENTS=28
======================================================================

processing PARA:  BOOK=9 START=461 END=499
======================================================================
 NO_ENG_SENTS=17 NO_ENG_MILESTONES=7 NO_GREEK_SENTS=20
======================================================================

processing PARA:  BOOK=9 START=500 END=535
======================================================================
 NO_ENG_SENTS=13 NO_ENG_MILESTONES=8 NO_GREEK_SENTS=11
======================================================================

processing PARA:  BOOK=9 START=536 END=566
======================================================================
 NO_ENG_SENTS=12 NO_ENG_MILESTONES=6 NO_GREEK_SENTS=14
======================================================================


########################################################################
	PROCESSED PARAS:	14
	EN SENTS:	222
	EN MILESTONES:	114
	GR SENTS:	293

########################################################################
