
processing PARA:  BOOK=22 START=1 END=41
======================================================================
 NO_ENG_SENTS=14 NO_ENG_MILESTONES=9 NO_GREEK_SENTS=24
======================================================================

processing PARA:  BOOK=22 START=42 END=78
======================================================================
 NO_ENG_SENTS=10 NO_ENG_MILESTONES=7 NO_GREEK_SENTS=20
======================================================================

processing PARA:  BOOK=22 START=79 END=125
======================================================================
 NO_ENG_SENTS=16 NO_ENG_MILESTONES=10 NO_GREEK_SENTS=24
======================================================================

processing PARA:  BOOK=22 START=126 END=169
======================================================================
 NO_ENG_SENTS=21 NO_ENG_MILESTONES=8 NO_GREEK_SENTS=27
======================================================================

processing PARA:  BOOK=22 START=170 END=209
======================================================================
 NO_ENG_SENTS=14 NO_ENG_MILESTONES=8 NO_GREEK_SENTS=19
======================================================================

processing PARA:  BOOK=22 START=210 END=254
======================================================================
 NO_ENG_SENTS=18 NO_ENG_MILESTONES=9 NO_GREEK_SENTS=23
======================================================================

processing PARA:  BOOK=22 START=255 END=291
======================================================================
 NO_ENG_SENTS=15 NO_ENG_MILESTONES=8 NO_GREEK_SENTS=21
======================================================================

processing PARA:  BOOK=22 START=292 END=329
======================================================================
 NO_ENG_SENTS=14 NO_ENG_MILESTONES=7 NO_GREEK_SENTS=27
======================================================================

processing PARA:  BOOK=22 START=330 END=377
======================================================================
 NO_ENG_SENTS=16 NO_ENG_MILESTONES=10 NO_GREEK_SENTS=22
======================================================================

processing PARA:  BOOK=22 START=378 END=429
======================================================================
 NO_ENG_SENTS=22 NO_ENG_MILESTONES=10 NO_GREEK_SENTS=31
======================================================================

processing PARA:  BOOK=22 START=430 END=464
======================================================================
 NO_ENG_SENTS=12 NO_ENG_MILESTONES=7 NO_GREEK_SENTS=17
======================================================================

processing PARA:  BOOK=22 START=465 END=501
======================================================================
 NO_ENG_SENTS=15 NO_ENG_MILESTONES=8 NO_GREEK_SENTS=22
======================================================================


########################################################################
	PROCESSED PARAS:	12
	EN SENTS:	187
	EN MILESTONES:	101
	GR SENTS:	277

########################################################################
