
processing PARA:  BOOK=14 START=1 END=26
======================================================================
 NO_ENG_SENTS=8 NO_ENG_MILESTONES=6 NO_GREEK_SENTS=13
======================================================================

processing PARA:  BOOK=14 START=27 END=63
======================================================================
 NO_ENG_SENTS=17 NO_ENG_MILESTONES=7 NO_GREEK_SENTS=22
======================================================================

processing PARA:  BOOK=14 START=64 END=102
======================================================================
 NO_ENG_SENTS=15 NO_ENG_MILESTONES=8 NO_GREEK_SENTS=18
======================================================================

processing PARA:  BOOK=14 START=103 END=153
======================================================================
 NO_ENG_SENTS=22 NO_ENG_MILESTONES=10 NO_GREEK_SENTS=30
======================================================================

processing PARA:  BOOK=14 START=154 END=192
======================================================================
 NO_ENG_SENTS=13 NO_ENG_MILESTONES=8 NO_GREEK_SENTS=18
======================================================================

processing PARA:  BOOK=14 START=193 END=241
======================================================================
 NO_ENG_SENTS=18 NO_ENG_MILESTONES=10 NO_GREEK_SENTS=27
======================================================================

processing PARA:  BOOK=14 START=242 END=269
======================================================================
 NO_ENG_SENTS=11 NO_ENG_MILESTONES=4 NO_GREEK_SENTS=15
======================================================================

processing PARA:  BOOK=14 START=270 END=311
======================================================================
 NO_ENG_SENTS=17 NO_ENG_MILESTONES=9 NO_GREEK_SENTS=20
======================================================================

processing PARA:  BOOK=14 START=312 END=351
======================================================================
 NO_ENG_SENTS=14 NO_ENG_MILESTONES=8 NO_GREEK_SENTS=23
======================================================================

processing PARA:  BOOK=14 START=352 END=377
======================================================================
 NO_ENG_SENTS=13 NO_ENG_MILESTONES=5 NO_GREEK_SENTS=14
======================================================================

processing PARA:  BOOK=14 START=378 END=401
======================================================================
 NO_ENG_SENTS=9 NO_ENG_MILESTONES=5 NO_GREEK_SENTS=14
======================================================================

processing PARA:  BOOK=14 START=402 END=439
======================================================================
 NO_ENG_SENTS=10 NO_ENG_MILESTONES=7 NO_GREEK_SENTS=16
======================================================================

processing PARA:  BOOK=14 START=440 END=474
======================================================================
 NO_ENG_SENTS=15 NO_ENG_MILESTONES=7 NO_GREEK_SENTS=19
======================================================================

processing PARA:  BOOK=14 START=475 END=505
======================================================================
 NO_ENG_SENTS=12 NO_ENG_MILESTONES=7 NO_GREEK_SENTS=20
======================================================================

processing PARA:  BOOK=14 START=506 END=522
======================================================================
 NO_ENG_SENTS=5 NO_ENG_MILESTONES=3 NO_GREEK_SENTS=9
======================================================================


########################################################################
	PROCESSED PARAS:	15
	EN SENTS:	199
	EN MILESTONES:	104
	GR SENTS:	278

########################################################################
