
processing PARA:  BOOK=24 START=1 END=34
======================================================================
 NO_ENG_SENTS=11 NO_ENG_MILESTONES=7 NO_GREEK_SENTS=16
======================================================================

processing PARA:  BOOK=24 START=35 END=84
======================================================================
 NO_ENG_SENTS=19 NO_ENG_MILESTONES=10 NO_GREEK_SENTS=28
======================================================================

processing PARA:  BOOK=24 START=85 END=137
======================================================================
 NO_ENG_SENTS=20 NO_ENG_MILESTONES=11 NO_GREEK_SENTS=26
======================================================================

processing PARA:  BOOK=24 START=138 END=190
======================================================================
 NO_ENG_SENTS=16 NO_ENG_MILESTONES=11 NO_GREEK_SENTS=24
======================================================================

processing PARA:  BOOK=24 START=191 END=231
======================================================================
 NO_ENG_SENTS=13 NO_ENG_MILESTONES=8 NO_GREEK_SENTS=19
======================================================================

processing PARA:  BOOK=24 START=232 END=279
======================================================================
 NO_ENG_SENTS=18 NO_ENG_MILESTONES=9 NO_GREEK_SENTS=20
======================================================================

processing PARA:  BOOK=24 START=280 END=326
======================================================================
 NO_ENG_SENTS=25 NO_ENG_MILESTONES=10 NO_GREEK_SENTS=32
======================================================================

processing PARA:  BOOK=24 START=327 END=364
======================================================================
 NO_ENG_SENTS=19 NO_ENG_MILESTONES=7 NO_GREEK_SENTS=22
======================================================================

processing PARA:  BOOK=24 START=365 END=411
======================================================================
 NO_ENG_SENTS=23 NO_ENG_MILESTONES=10 NO_GREEK_SENTS=23
======================================================================

processing PARA:  BOOK=24 START=412 END=449
======================================================================
 NO_ENG_SENTS=17 NO_ENG_MILESTONES=7 NO_GREEK_SENTS=23
======================================================================

processing PARA:  BOOK=24 START=450 END=495
======================================================================
 NO_ENG_SENTS=25 NO_ENG_MILESTONES=10 NO_GREEK_SENTS=37
======================================================================

processing PARA:  BOOK=24 START=496 END=548
======================================================================
 NO_ENG_SENTS=26 NO_ENG_MILESTONES=10 NO_GREEK_SENTS=29
======================================================================


########################################################################
	PROCESSED PARAS:	12
	EN SENTS:	232
	EN MILESTONES:	110
	GR SENTS:	299

########################################################################
