
processing PARA:  BOOK=4 START=1 END=49
======================================================================
 NO_ENG_SENTS=19 NO_ENG_MILESTONES=10 NO_GREEK_SENTS=29
======================================================================

processing PARA:  BOOK=4 START=50 END=84
======================================================================
 NO_ENG_SENTS=11 NO_ENG_MILESTONES=7 NO_GREEK_SENTS=20
======================================================================

processing PARA:  BOOK=4 START=85 END=126
======================================================================
 NO_ENG_SENTS=16 NO_ENG_MILESTONES=9 NO_GREEK_SENTS=21
======================================================================

processing PARA:  BOOK=4 START=127 END=182
======================================================================
 NO_ENG_SENTS=19 NO_ENG_MILESTONES=11 NO_GREEK_SENTS=30
======================================================================

processing PARA:  BOOK=4 START=183 END=222
======================================================================
 NO_ENG_SENTS=16 NO_ENG_MILESTONES=8 NO_GREEK_SENTS=21
======================================================================

processing PARA:  BOOK=4 START=223 END=264
======================================================================
 NO_ENG_SENTS=15 NO_ENG_MILESTONES=8 NO_GREEK_SENTS=21
======================================================================

processing PARA:  BOOK=4 START=265 END=309
======================================================================
 NO_ENG_SENTS=15 NO_ENG_MILESTONES=9 NO_GREEK_SENTS=27
======================================================================

processing PARA:  BOOK=4 START=310 END=349
======================================================================
 NO_ENG_SENTS=18 NO_ENG_MILESTONES=8 NO_GREEK_SENTS=25
======================================================================

processing PARA:  BOOK=4 START=350 END=400
======================================================================
 NO_ENG_SENTS=20 NO_ENG_MILESTONES=11 NO_GREEK_SENTS=33
======================================================================

processing PARA:  BOOK=4 START=401 END=445
======================================================================
 NO_ENG_SENTS=17 NO_ENG_MILESTONES=9 NO_GREEK_SENTS=25
======================================================================

processing PARA:  BOOK=4 START=446 END=487
======================================================================
 NO_ENG_SENTS=12 NO_ENG_MILESTONES=8 NO_GREEK_SENTS=21
======================================================================

processing PARA:  BOOK=4 START=488 END=516
======================================================================
 NO_ENG_SENTS=11 NO_ENG_MILESTONES=6 NO_GREEK_SENTS=17
======================================================================

processing PARA:  BOOK=4 START=517 END=544
======================================================================
 NO_ENG_SENTS=7 NO_ENG_MILESTONES=5 NO_GREEK_SENTS=16
======================================================================


########################################################################
	PROCESSED PARAS:	13
	EN SENTS:	196
	EN MILESTONES:	109
	GR SENTS:	306

########################################################################
