

########################################################################
PARAMETERS: 
	LEN_W=	0.5
	CAPS_W=	0.3
	PUNCT_W=	0.2
	SCORE_MIN=	0.3

########################################################################

processing PARA:  BOOK=4 START=1 END=48
======================================================================
MILESTONES=10 GREEK SENTS=25


########################################################################
FRAME: START (MS=0, POS=) END (MS=9, POS=)

======================================================================
MILESTONE #1(1,5)
	No. Greek Sents=3/25
	No. PUNCT=2

======================================================================
MILESTONE #2(6,10)
	No. Greek Sents=0/25
	No. PUNCT=1

======================================================================
MILESTONE #3(11,15)
	No. Greek Sents=0/25
	No. PUNCT=1

======================================================================
MILESTONE #4(16,20)
	No. Greek Sents=0/25
	No. PUNCT=1

======================================================================
MILESTONE #5(21,25)
	No. Greek Sents=0/25
	No. PUNCT=2

======================================================================
MILESTONE #6(26,30)
	No. Greek Sents=0/25
	No. PUNCT=3

======================================================================
MILESTONE #7(31,35)
	No. Greek Sents=0/25
	No. PUNCT=2

======================================================================
MILESTONE #8(36,40)
	No. Greek Sents=0/25
	No. PUNCT=3

======================================================================
MILESTONE #9(41,45)
	No. Greek Sents=0/25
	No. PUNCT=2

======================================================================
MILESTONE #10(46,48)
	No. Greek Sents=0/25
	No. PUNCT=2
*** BEST CHOICE(0,0.64840049593617) ***
FRAMES
Array
(
    [0] => Array
        (
            [grStart] => 1
            [grEnd] => 24
            [msStart] => 0
            [msEnd] => 9
            [msStart_pos] => 116
            [msEnd_pos] => 
        )

    [1] => Array
        (
            [grStart] => 0
            [grEnd] => 0
            [msStart] => 0
            [msEnd] => 0
            [msStart_pos] => 
            [msEnd_pos] => 115
        )

)



########################################################################
FRAME: START (MS=0, POS=) END (MS=0, POS=115)

======================================================================
MILESTONE #1(1,5)
	No. Greek Sents=1/1
	No. PUNCT=1
NO DIVISION
FRAMES
Array
(
    [0] => Array
        (
            [grStart] => 1
            [grEnd] => 24
            [msStart] => 0
            [msEnd] => 9
            [msStart_pos] => 116
            [msEnd_pos] => 
        )

)



########################################################################
FRAME: START (MS=0, POS=116) END (MS=9, POS=)

======================================================================
MILESTONE #1(1,5)
	No. Greek Sents=2/24
	No. PUNCT=1

======================================================================
MILESTONE #2(6,10)
	No. Greek Sents=0/24
	No. PUNCT=1

======================================================================
MILESTONE #3(11,15)
	No. Greek Sents=0/24
	No. PUNCT=1

======================================================================
MILESTONE #4(16,20)
	No. Greek Sents=0/24
	No. PUNCT=1

======================================================================
MILESTONE #5(21,25)
	No. Greek Sents=0/24
	No. PUNCT=2

======================================================================
MILESTONE #6(26,30)
	No. Greek Sents=0/24
	No. PUNCT=3

======================================================================
MILESTONE #7(31,35)
	No. Greek Sents=0/24
	No. PUNCT=2

======================================================================
MILESTONE #8(36,40)
	No. Greek Sents=0/24
	No. PUNCT=3

======================================================================
MILESTONE #9(41,45)
	No. Greek Sents=0/24
	No. PUNCT=2

======================================================================
MILESTONE #10(46,48)
	No. Greek Sents=0/24
	No. PUNCT=2
*** BEST CHOICE(0,0.35403718462818) ***
FRAMES
Array
(
    [0] => Array
        (
            [grStart] => 3
            [grEnd] => 24
            [msStart] => 0
            [msEnd] => 9
            [msStart_pos] => 225
            [msEnd_pos] => 
        )

    [1] => Array
        (
            [grStart] => 1
            [grEnd] => 2
            [msStart] => 0
            [msEnd] => 0
            [msStart_pos] => 116
            [msEnd_pos] => 224
        )

)



########################################################################
FRAME: START (MS=0, POS=116) END (MS=0, POS=224)

======================================================================
MILESTONE #1(1,5)
	No. Greek Sents=2/2
	No. PUNCT=1
NO DIVISION
FRAMES
Array
(
    [0] => Array
        (
            [grStart] => 3
            [grEnd] => 24
            [msStart] => 0
            [msEnd] => 9
            [msStart_pos] => 225
            [msEnd_pos] => 
        )

)



########################################################################
FRAME: START (MS=0, POS=225) END (MS=9, POS=)

======================================================================
MILESTONE #1(1,5)
	No. Greek Sents=0/22
	NO PUNCT

======================================================================
MILESTONE #2(6,10)
	No. Greek Sents=0/22
	No. PUNCT=1

======================================================================
MILESTONE #3(11,15)
	No. Greek Sents=0/22
	No. PUNCT=1

======================================================================
MILESTONE #4(16,20)
	No. Greek Sents=0/22
	No. PUNCT=1

======================================================================
MILESTONE #5(21,25)
	No. Greek Sents=0/22
	No. PUNCT=2

======================================================================
MILESTONE #6(26,30)
	No. Greek Sents=0/22
	No. PUNCT=3

======================================================================
MILESTONE #7(31,35)
	No. Greek Sents=0/22
	No. PUNCT=2

======================================================================
MILESTONE #8(36,40)
	No. Greek Sents=0/22
	No. PUNCT=3

======================================================================
MILESTONE #9(41,45)
	No. Greek Sents=0/22
	No. PUNCT=2

======================================================================
MILESTONE #10(46,48)
	No. Greek Sents=0/22
	No. PUNCT=2
NO DIVISION
FRAMES
Array
(
)


 PARA FRAMES: 
Array
(
    [0] => Array
        (
            [grStart] => 0
            [grEnd] => 0
            [msStart] => 0
            [msEnd] => 0
            [msStart_pos] => 
            [msEnd_pos] => 115
        )

    [1] => Array
        (
            [grStart] => 1
            [grEnd] => 2
            [msStart] => 0
            [msEnd] => 0
            [msStart_pos] => 116
            [msEnd_pos] => 224
        )

    [2] => Array
        (
            [grStart] => 3
            [grEnd] => 24
            [msStart] => 0
            [msEnd] => 9
            [msStart_pos] => 225
            [msEnd_pos] => 
        )

)

 PARA BEST SCORES: 
Array
(
    [0] => 0.64840049593617
    [1] => 0.35403718462818
)

 FRAME ITERATIONS:5

processing PARA:  BOOK=4 START=49 END=99
======================================================================
MILESTONES=11 GREEK SENTS=27


########################################################################
FRAME: START (MS=0, POS=) END (MS=10, POS=)

======================================================================
MILESTONE #1(49,50)
	No. Greek Sents=0/27
	NO PUNCT

======================================================================
MILESTONE #2(51,55)
	No. Greek Sents=0/27
	No. PUNCT=2

======================================================================
MILESTONE #3(56,60)
	No. Greek Sents=0/27
	No. PUNCT=3

======================================================================
MILESTONE #4(61,65)
	No. Greek Sents=0/27
	No. PUNCT=1

======================================================================
MILESTONE #5(66,70)
	No. Greek Sents=0/27
	No. PUNCT=2

======================================================================
MILESTONE #6(71,75)
	No. Greek Sents=0/27
	No. PUNCT=2

======================================================================
MILESTONE #7(76,80)
	No. Greek Sents=0/27
	No. PUNCT=2

======================================================================
MILESTONE #8(81,85)
	No. Greek Sents=0/27
	No. PUNCT=2

======================================================================
MILESTONE #9(86,90)
	No. Greek Sents=0/27
	No. PUNCT=2

======================================================================
MILESTONE #10(91,95)
	No. Greek Sents=0/27
	No. PUNCT=1

======================================================================
MILESTONE #11(96,99)
	No. Greek Sents=0/27
	No. PUNCT=2
NO DIVISION
FRAMES
Array
(
)


 PARA FRAMES: 
Array
(
    [0] => Array
        (
            [grStart] => 0
            [grEnd] => 26
            [msStart] => 0
            [msEnd] => 10
            [msStart_pos] => 
            [msEnd_pos] => 
        )

)

 PARA BEST SCORES: 
Array
(
)

 FRAME ITERATIONS:1

processing PARA:  BOOK=4 START=100 END=146
======================================================================
MILESTONES=10 GREEK SENTS=22


########################################################################
FRAME: START (MS=0, POS=) END (MS=9, POS=)

======================================================================
MILESTONE #1(100,100)
	No. Greek Sents=0/22
	NO PUNCT

======================================================================
MILESTONE #2(101,105)
	No. Greek Sents=0/22
	NO PUNCT

======================================================================
MILESTONE #3(106,110)
	No. Greek Sents=0/22
	No. PUNCT=1

======================================================================
MILESTONE #4(111,115)
	No. Greek Sents=0/22
	No. PUNCT=3

======================================================================
MILESTONE #5(116,120)
	No. Greek Sents=0/22
	No. PUNCT=2

======================================================================
MILESTONE #6(121,125)
	No. Greek Sents=0/22
	NO PUNCT

======================================================================
MILESTONE #7(126,130)
	No. Greek Sents=0/22
	No. PUNCT=2

======================================================================
MILESTONE #8(131,135)
	No. Greek Sents=0/22
	No. PUNCT=1

======================================================================
MILESTONE #9(136,140)
	No. Greek Sents=0/22
	No. PUNCT=3

======================================================================
MILESTONE #10(141,146)
	No. Greek Sents=0/22
	No. PUNCT=3
NO DIVISION
FRAMES
Array
(
)


 PARA FRAMES: 
Array
(
    [0] => Array
        (
            [grStart] => 0
            [grEnd] => 21
            [msStart] => 0
            [msEnd] => 9
            [msStart_pos] => 
            [msEnd_pos] => 
        )

)

 PARA BEST SCORES: 
Array
(
)

 FRAME ITERATIONS:1

processing PARA:  BOOK=4 START=147 END=182
======================================================================
MILESTONES=8 GREEK SENTS=18


########################################################################
FRAME: START (MS=0, POS=) END (MS=7, POS=)

======================================================================
MILESTONE #1(147,150)
	No. Greek Sents=3/18
	No. PUNCT=2

======================================================================
MILESTONE #2(151,155)
	No. Greek Sents=0/18
	No. PUNCT=2

======================================================================
MILESTONE #3(156,160)
	No. Greek Sents=0/18
	No. PUNCT=2

======================================================================
MILESTONE #4(161,165)
	No. Greek Sents=0/18
	No. PUNCT=2

======================================================================
MILESTONE #5(166,170)
	No. Greek Sents=0/18
	No. PUNCT=2

======================================================================
MILESTONE #6(171,175)
	No. Greek Sents=0/18
	No. PUNCT=2

======================================================================
MILESTONE #7(176,180)
	No. Greek Sents=0/18
	No. PUNCT=1

======================================================================
MILESTONE #8(181,182)
	No. Greek Sents=0/18
	No. PUNCT=2
*** BEST CHOICE(3,0.66778876106022) ***
FRAMES
Array
(
    [0] => Array
        (
            [grStart] => 2
            [grEnd] => 17
            [msStart] => 0
            [msEnd] => 7
            [msStart_pos] => 113
            [msEnd_pos] => 
        )

    [1] => Array
        (
            [grStart] => 0
            [grEnd] => 1
            [msStart] => 0
            [msEnd] => 0
            [msStart_pos] => 
            [msEnd_pos] => 112
        )

)



########################################################################
FRAME: START (MS=0, POS=) END (MS=0, POS=112)

======================================================================
MILESTONE #1(147,150)
	No. Greek Sents=2/2
	No. PUNCT=2
*** BEST CHOICE(0,0.42884044873295) ***
FRAMES
Array
(
    [0] => Array
        (
            [grStart] => 2
            [grEnd] => 17
            [msStart] => 0
            [msEnd] => 7
            [msStart_pos] => 113
            [msEnd_pos] => 
        )

    [1] => Array
        (
            [grStart] => 1
            [grEnd] => 1
            [msStart] => 0
            [msEnd] => 0
            [msStart_pos] => 41
            [msEnd_pos] => 112
        )

    [2] => Array
        (
            [grStart] => 0
            [grEnd] => 0
            [msStart] => 0
            [msEnd] => 0
            [msStart_pos] => 
            [msEnd_pos] => 40
        )

)



########################################################################
FRAME: START (MS=0, POS=) END (MS=0, POS=40)

======================================================================
MILESTONE #1(147,150)
	No. Greek Sents=1/1
	No. PUNCT=1
NO DIVISION
FRAMES
Array
(
    [0] => Array
        (
            [grStart] => 2
            [grEnd] => 17
            [msStart] => 0
            [msEnd] => 7
            [msStart_pos] => 113
            [msEnd_pos] => 
        )

    [1] => Array
        (
            [grStart] => 1
            [grEnd] => 1
            [msStart] => 0
            [msEnd] => 0
            [msStart_pos] => 41
            [msEnd_pos] => 112
        )

)



########################################################################
FRAME: START (MS=0, POS=41) END (MS=0, POS=112)

======================================================================
MILESTONE #1(147,150)
	No. Greek Sents=1/1
	No. PUNCT=1
NO DIVISION
FRAMES
Array
(
    [0] => Array
        (
            [grStart] => 2
            [grEnd] => 17
            [msStart] => 0
            [msEnd] => 7
            [msStart_pos] => 113
            [msEnd_pos] => 
        )

)



########################################################################
FRAME: START (MS=0, POS=113) END (MS=7, POS=)

======================================================================
MILESTONE #1(147,150)
	No. Greek Sents=1/16
	NO PUNCT

======================================================================
MILESTONE #2(151,155)
	No. Greek Sents=0/16
	No. PUNCT=2

======================================================================
MILESTONE #3(156,160)
	No. Greek Sents=0/16
	No. PUNCT=2

======================================================================
MILESTONE #4(161,165)
	No. Greek Sents=0/16
	No. PUNCT=2

======================================================================
MILESTONE #5(166,170)
	No. Greek Sents=0/16
	No. PUNCT=2

======================================================================
MILESTONE #6(171,175)
	No. Greek Sents=0/16
	No. PUNCT=2

======================================================================
MILESTONE #7(176,180)
	No. Greek Sents=0/16
	No. PUNCT=1

======================================================================
MILESTONE #8(181,182)
	No. Greek Sents=0/16
	No. PUNCT=2
NO DIVISION
FRAMES
Array
(
)


 PARA FRAMES: 
Array
(
    [0] => Array
        (
            [grStart] => 0
            [grEnd] => 0
            [msStart] => 0
            [msEnd] => 0
            [msStart_pos] => 
            [msEnd_pos] => 40
        )

    [1] => Array
        (
            [grStart] => 1
            [grEnd] => 1
            [msStart] => 0
            [msEnd] => 0
            [msStart_pos] => 41
            [msEnd_pos] => 112
        )

    [2] => Array
        (
            [grStart] => 2
            [grEnd] => 17
            [msStart] => 0
            [msEnd] => 7
            [msStart_pos] => 113
            [msEnd_pos] => 
        )

)

 PARA BEST SCORES: 
Array
(
    [0] => 0.66778876106022
    [1] => 0.42884044873295
)

 FRAME ITERATIONS:5

processing PARA:  BOOK=4 START=183 END=218
======================================================================
MILESTONES=8 GREEK SENTS=21


########################################################################
FRAME: START (MS=0, POS=) END (MS=7, POS=)

======================================================================
MILESTONE #1(183,185)
	No. Greek Sents=1/21
	No. PUNCT=1

======================================================================
MILESTONE #2(186,190)
	No. Greek Sents=0/21
	No. PUNCT=3

======================================================================
MILESTONE #3(191,195)
	No. Greek Sents=0/21
	No. PUNCT=1

======================================================================
MILESTONE #4(196,200)
	No. Greek Sents=0/21
	No. PUNCT=3

======================================================================
MILESTONE #5(201,205)
	No. Greek Sents=0/21
	No. PUNCT=3

======================================================================
MILESTONE #6(206,210)
	No. Greek Sents=0/21
	No. PUNCT=1

======================================================================
MILESTONE #7(211,215)
	No. Greek Sents=0/21
	No. PUNCT=2

======================================================================
MILESTONE #8(216,218)
	No. Greek Sents=0/21
	No. PUNCT=3
NO DIVISION
FRAMES
Array
(
)


 PARA FRAMES: 
Array
(
    [0] => Array
        (
            [grStart] => 0
            [grEnd] => 20
            [msStart] => 0
            [msEnd] => 7
            [msStart_pos] => 
            [msEnd_pos] => 
        )

)

 PARA BEST SCORES: 
Array
(
)

 FRAME ITERATIONS:1

processing PARA:  BOOK=4 START=219 END=264
======================================================================
MILESTONES=10 GREEK SENTS=24


########################################################################
FRAME: START (MS=0, POS=) END (MS=9, POS=)

======================================================================
MILESTONE #1(219,220)
	No. Greek Sents=1/24
	No. PUNCT=1

======================================================================
MILESTONE #2(221,225)
	No. Greek Sents=0/24
	No. PUNCT=1

======================================================================
MILESTONE #3(226,230)
	No. Greek Sents=0/24
	No. PUNCT=1

======================================================================
MILESTONE #4(231,235)
	No. Greek Sents=0/24
	No. PUNCT=2

======================================================================
MILESTONE #5(236,240)
	No. Greek Sents=0/24
	No. PUNCT=1

======================================================================
MILESTONE #6(241,245)
	No. Greek Sents=0/24
	No. PUNCT=1

======================================================================
MILESTONE #7(246,250)
	No. Greek Sents=0/24
	No. PUNCT=2

======================================================================
MILESTONE #8(251,255)
	No. Greek Sents=0/24
	No. PUNCT=1

======================================================================
MILESTONE #9(256,260)
	No. Greek Sents=0/24
	No. PUNCT=2

======================================================================
MILESTONE #10(261,264)
	No. Greek Sents=0/24
	No. PUNCT=1
*** BEST CHOICE(0,0.76716513765163) ***
FRAMES
Array
(
    [0] => Array
        (
            [grStart] => 1
            [grEnd] => 23
            [msStart] => 0
            [msEnd] => 9
            [msStart_pos] => 51
            [msEnd_pos] => 
        )

    [1] => Array
        (
            [grStart] => 0
            [grEnd] => 0
            [msStart] => 0
            [msEnd] => 0
            [msStart_pos] => 
            [msEnd_pos] => 50
        )

)



########################################################################
FRAME: START (MS=0, POS=) END (MS=0, POS=50)

======================================================================
MILESTONE #1(219,220)
	No. Greek Sents=1/1
	No. PUNCT=1
NO DIVISION
FRAMES
Array
(
    [0] => Array
        (
            [grStart] => 1
            [grEnd] => 23
            [msStart] => 0
            [msEnd] => 9
            [msStart_pos] => 51
            [msEnd_pos] => 
        )

)



########################################################################
FRAME: START (MS=0, POS=51) END (MS=9, POS=)

======================================================================
MILESTONE #1(219,220)
	No. Greek Sents=0/23
	NO PUNCT

======================================================================
MILESTONE #2(221,225)
	No. Greek Sents=0/23
	No. PUNCT=1

======================================================================
MILESTONE #3(226,230)
	No. Greek Sents=0/23
	No. PUNCT=1

======================================================================
MILESTONE #4(231,235)
	No. Greek Sents=0/23
	No. PUNCT=2

======================================================================
MILESTONE #5(236,240)
	No. Greek Sents=0/23
	No. PUNCT=1

======================================================================
MILESTONE #6(241,245)
	No. Greek Sents=0/23
	No. PUNCT=1

======================================================================
MILESTONE #7(246,250)
	No. Greek Sents=0/23
	No. PUNCT=2

======================================================================
MILESTONE #8(251,255)
	No. Greek Sents=0/23
	No. PUNCT=1

======================================================================
MILESTONE #9(256,260)
	No. Greek Sents=0/23
	No. PUNCT=2

======================================================================
MILESTONE #10(261,264)
	No. Greek Sents=0/23
	No. PUNCT=1
NO DIVISION
FRAMES
Array
(
)


 PARA FRAMES: 
Array
(
    [0] => Array
        (
            [grStart] => 0
            [grEnd] => 0
            [msStart] => 0
            [msEnd] => 0
            [msStart_pos] => 
            [msEnd_pos] => 50
        )

    [1] => Array
        (
            [grStart] => 1
            [grEnd] => 23
            [msStart] => 0
            [msEnd] => 9
            [msStart_pos] => 51
            [msEnd_pos] => 
        )

)

 PARA BEST SCORES: 
Array
(
    [0] => 0.76716513765163
)

 FRAME ITERATIONS:3

processing PARA:  BOOK=4 START=265 END=314
======================================================================
MILESTONES=11 GREEK SENTS=29


########################################################################
FRAME: START (MS=0, POS=) END (MS=10, POS=)

======================================================================
MILESTONE #1(265,265)
	No. Greek Sents=1/29
	NO PUNCT

======================================================================
MILESTONE #2(266,270)
	No. Greek Sents=0/29
	No. PUNCT=2

======================================================================
MILESTONE #3(271,275)
	No. Greek Sents=0/29
	No. PUNCT=2

======================================================================
MILESTONE #4(276,280)
	No. Greek Sents=0/29
	No. PUNCT=2

======================================================================
MILESTONE #5(281,285)
	No. Greek Sents=0/29
	No. PUNCT=1

======================================================================
MILESTONE #6(286,290)
	No. Greek Sents=0/29
	No. PUNCT=1

======================================================================
MILESTONE #7(291,295)
	No. Greek Sents=0/29
	No. PUNCT=2

======================================================================
MILESTONE #8(296,300)
	No. Greek Sents=0/29
	No. PUNCT=2

======================================================================
MILESTONE #9(301,305)
	No. Greek Sents=0/29
	No. PUNCT=1

======================================================================
MILESTONE #10(306,310)
	No. Greek Sents=0/29
	No. PUNCT=2

======================================================================
MILESTONE #11(311,314)
	No. Greek Sents=0/29
	No. PUNCT=5
NO DIVISION
FRAMES
Array
(
)


 PARA FRAMES: 
Array
(
    [0] => Array
        (
            [grStart] => 0
            [grEnd] => 28
            [msStart] => 0
            [msEnd] => 10
            [msStart_pos] => 
            [msEnd_pos] => 
        )

)

 PARA BEST SCORES: 
Array
(
)

 FRAME ITERATIONS:1

processing PARA:  BOOK=4 START=315 END=350
======================================================================
MILESTONES=8 GREEK SENTS=14


########################################################################
FRAME: START (MS=0, POS=) END (MS=7, POS=)

======================================================================
MILESTONE #1(315,315)
	No. Greek Sents=1/14
	NO PUNCT

======================================================================
MILESTONE #2(316,320)
	No. Greek Sents=0/14
	No. PUNCT=2

======================================================================
MILESTONE #3(321,325)
	No. Greek Sents=0/14
	No. PUNCT=1

======================================================================
MILESTONE #4(326,330)
	No. Greek Sents=0/14
	No. PUNCT=2

======================================================================
MILESTONE #5(331,335)
	No. Greek Sents=0/14
	No. PUNCT=3

======================================================================
MILESTONE #6(336,340)
	No. Greek Sents=0/14
	NO PUNCT

======================================================================
MILESTONE #7(341,345)
	No. Greek Sents=0/14
	No. PUNCT=1

======================================================================
MILESTONE #8(346,350)
	No. Greek Sents=0/14
	No. PUNCT=1
NO DIVISION
FRAMES
Array
(
)


 PARA FRAMES: 
Array
(
    [0] => Array
        (
            [grStart] => 0
            [grEnd] => 13
            [msStart] => 0
            [msEnd] => 7
            [msStart_pos] => 
            [msEnd_pos] => 
        )

)

 PARA BEST SCORES: 
Array
(
)

 FRAME ITERATIONS:1

processing PARA:  BOOK=4 START=351 END=397
======================================================================
MILESTONES=10 GREEK SENTS=25


########################################################################
FRAME: START (MS=0, POS=) END (MS=9, POS=)

======================================================================
MILESTONE #1(351,355)
	No. Greek Sents=2/25
	No. PUNCT=1

======================================================================
MILESTONE #2(356,360)
	No. Greek Sents=0/25
	No. PUNCT=2

======================================================================
MILESTONE #3(361,365)
	No. Greek Sents=0/25
	No. PUNCT=1

======================================================================
MILESTONE #4(366,370)
	No. Greek Sents=0/25
	No. PUNCT=1

======================================================================
MILESTONE #5(371,375)
	No. Greek Sents=0/25
	No. PUNCT=3

======================================================================
MILESTONE #6(376,380)
	No. Greek Sents=0/25
	No. PUNCT=2

======================================================================
MILESTONE #7(381,385)
	No. Greek Sents=0/25
	No. PUNCT=3

======================================================================
MILESTONE #8(386,390)
	No. Greek Sents=0/25
	No. PUNCT=2

======================================================================
MILESTONE #9(391,395)
	No. Greek Sents=0/25
	No. PUNCT=3

======================================================================
MILESTONE #10(396,397)
	No. Greek Sents=0/25
	No. PUNCT=2
NO DIVISION ABOVE THRESHOLD
FRAMES
Array
(
)


 PARA FRAMES: 
Array
(
    [0] => Array
        (
            [grStart] => 0
            [grEnd] => 24
            [msStart] => 0
            [msEnd] => 9
            [msStart_pos] => 
            [msEnd_pos] => 
        )

)

 PARA BEST SCORES: 
Array
(
    [0] => 0.27952178278985
)

 FRAME ITERATIONS:1

processing PARA:  BOOK=4 START=398 END=434
======================================================================
MILESTONES=8 GREEK SENTS=21


########################################################################
FRAME: START (MS=0, POS=) END (MS=7, POS=)

======================================================================
MILESTONE #1(398,400)
	No. Greek Sents=2/21
	No. PUNCT=2

======================================================================
MILESTONE #2(401,405)
	No. Greek Sents=0/21
	No. PUNCT=1

======================================================================
MILESTONE #3(406,410)
	No. Greek Sents=0/21
	No. PUNCT=2

======================================================================
MILESTONE #4(411,415)
	No. Greek Sents=0/21
	No. PUNCT=2

======================================================================
MILESTONE #5(416,420)
	No. Greek Sents=0/21
	No. PUNCT=3

======================================================================
MILESTONE #6(421,425)
	No. Greek Sents=0/21
	No. PUNCT=1

======================================================================
MILESTONE #7(426,430)
	No. Greek Sents=0/21
	No. PUNCT=1

======================================================================
MILESTONE #8(431,434)
	No. Greek Sents=0/21
	No. PUNCT=2
*** BEST CHOICE(1,0.53918617311929) ***
FRAMES
Array
(
    [0] => Array
        (
            [grStart] => 2
            [grEnd] => 20
            [msStart] => 0
            [msEnd] => 7
            [msStart_pos] => 123
            [msEnd_pos] => 
        )

    [1] => Array
        (
            [grStart] => 0
            [grEnd] => 1
            [msStart] => 0
            [msEnd] => 0
            [msStart_pos] => 
            [msEnd_pos] => 122
        )

)



########################################################################
FRAME: START (MS=0, POS=) END (MS=0, POS=122)

======================================================================
MILESTONE #1(398,400)
	No. Greek Sents=2/2
	No. PUNCT=2
*** BEST CHOICE(0,0.34575777271141) ***
FRAMES
Array
(
    [0] => Array
        (
            [grStart] => 2
            [grEnd] => 20
            [msStart] => 0
            [msEnd] => 7
            [msStart_pos] => 123
            [msEnd_pos] => 
        )

    [1] => Array
        (
            [grStart] => 1
            [grEnd] => 1
            [msStart] => 0
            [msEnd] => 0
            [msStart_pos] => 67
            [msEnd_pos] => 122
        )

    [2] => Array
        (
            [grStart] => 0
            [grEnd] => 0
            [msStart] => 0
            [msEnd] => 0
            [msStart_pos] => 
            [msEnd_pos] => 66
        )

)



########################################################################
FRAME: START (MS=0, POS=) END (MS=0, POS=66)

======================================================================
MILESTONE #1(398,400)
	No. Greek Sents=1/1
	No. PUNCT=1
NO DIVISION
FRAMES
Array
(
    [0] => Array
        (
            [grStart] => 2
            [grEnd] => 20
            [msStart] => 0
            [msEnd] => 7
            [msStart_pos] => 123
            [msEnd_pos] => 
        )

    [1] => Array
        (
            [grStart] => 1
            [grEnd] => 1
            [msStart] => 0
            [msEnd] => 0
            [msStart_pos] => 67
            [msEnd_pos] => 122
        )

)



########################################################################
FRAME: START (MS=0, POS=67) END (MS=0, POS=122)

======================================================================
MILESTONE #1(398,400)
	No. Greek Sents=1/1
	No. PUNCT=1
NO DIVISION
FRAMES
Array
(
    [0] => Array
        (
            [grStart] => 2
            [grEnd] => 20
            [msStart] => 0
            [msEnd] => 7
            [msStart_pos] => 123
            [msEnd_pos] => 
        )

)



########################################################################
FRAME: START (MS=0, POS=123) END (MS=7, POS=)

======================================================================
MILESTONE #1(398,400)
	No. Greek Sents=0/19
	NO PUNCT

======================================================================
MILESTONE #2(401,405)
	No. Greek Sents=0/19
	No. PUNCT=1

======================================================================
MILESTONE #3(406,410)
	No. Greek Sents=0/19
	No. PUNCT=2

======================================================================
MILESTONE #4(411,415)
	No. Greek Sents=0/19
	No. PUNCT=2

======================================================================
MILESTONE #5(416,420)
	No. Greek Sents=0/19
	No. PUNCT=3

======================================================================
MILESTONE #6(421,425)
	No. Greek Sents=0/19
	No. PUNCT=1

======================================================================
MILESTONE #7(426,430)
	No. Greek Sents=0/19
	No. PUNCT=1

======================================================================
MILESTONE #8(431,434)
	No. Greek Sents=0/19
	No. PUNCT=2
NO DIVISION
FRAMES
Array
(
)


 PARA FRAMES: 
Array
(
    [0] => Array
        (
            [grStart] => 0
            [grEnd] => 0
            [msStart] => 0
            [msEnd] => 0
            [msStart_pos] => 
            [msEnd_pos] => 66
        )

    [1] => Array
        (
            [grStart] => 1
            [grEnd] => 1
            [msStart] => 0
            [msEnd] => 0
            [msStart_pos] => 67
            [msEnd_pos] => 122
        )

    [2] => Array
        (
            [grStart] => 2
            [grEnd] => 20
            [msStart] => 0
            [msEnd] => 7
            [msStart_pos] => 123
            [msEnd_pos] => 
        )

)

 PARA BEST SCORES: 
Array
(
    [0] => 0.53918617311929
    [1] => 0.34575777271141
)

 FRAME ITERATIONS:5

processing PARA:  BOOK=4 START=435 END=480
======================================================================
MILESTONES=10 GREEK SENTS=33


########################################################################
FRAME: START (MS=0, POS=) END (MS=9, POS=)

======================================================================
MILESTONE #1(435,435)
	No. Greek Sents=0/33
	NO PUNCT

======================================================================
MILESTONE #2(436,440)
	No. Greek Sents=0/33
	No. PUNCT=1

======================================================================
MILESTONE #3(441,445)
	No. Greek Sents=0/33
	No. PUNCT=2

======================================================================
MILESTONE #4(446,450)
	No. Greek Sents=0/33
	No. PUNCT=2

======================================================================
MILESTONE #5(451,455)
	No. Greek Sents=0/33
	No. PUNCT=2

======================================================================
MILESTONE #6(456,460)
	No. Greek Sents=0/33
	No. PUNCT=2

======================================================================
MILESTONE #7(461,465)
	No. Greek Sents=0/33
	No. PUNCT=4

======================================================================
MILESTONE #8(466,470)
	No. Greek Sents=0/33
	No. PUNCT=2

======================================================================
MILESTONE #9(471,475)
	No. Greek Sents=0/33
	No. PUNCT=3

======================================================================
MILESTONE #10(476,480)
	No. Greek Sents=0/33
	No. PUNCT=1
NO DIVISION
FRAMES
Array
(
)


 PARA FRAMES: 
Array
(
    [0] => Array
        (
            [grStart] => 0
            [grEnd] => 32
            [msStart] => 0
            [msEnd] => 9
            [msStart_pos] => 
            [msEnd_pos] => 
        )

)

 PARA BEST SCORES: 
Array
(
)

 FRAME ITERATIONS:1

processing PARA:  BOOK=4 START=481 END=511
======================================================================
MILESTONES=7 GREEK SENTS=22


########################################################################
FRAME: START (MS=0, POS=) END (MS=6, POS=)

======================================================================
MILESTONE #1(481,485)
	No. Greek Sents=3/22
	No. PUNCT=2

======================================================================
MILESTONE #2(486,490)
	No. Greek Sents=0/22
	No. PUNCT=3

======================================================================
MILESTONE #3(491,495)
	No. Greek Sents=0/22
	No. PUNCT=4

======================================================================
MILESTONE #4(496,500)
	No. Greek Sents=0/22
	No. PUNCT=2

======================================================================
MILESTONE #5(501,505)
	No. Greek Sents=0/22
	No. PUNCT=1

======================================================================
MILESTONE #6(506,510)
	No. Greek Sents=0/22
	No. PUNCT=1

======================================================================
MILESTONE #7(511,511)
	No. Greek Sents=0/22
	No. PUNCT=2
*** BEST CHOICE(0,0.52301368517927) ***
FRAMES
Array
(
    [0] => Array
        (
            [grStart] => 1
            [grEnd] => 21
            [msStart] => 0
            [msEnd] => 6
            [msStart_pos] => 137
            [msEnd_pos] => 
        )

    [1] => Array
        (
            [grStart] => 0
            [grEnd] => 0
            [msStart] => 0
            [msEnd] => 0
            [msStart_pos] => 
            [msEnd_pos] => 136
        )

)



########################################################################
FRAME: START (MS=0, POS=) END (MS=0, POS=136)

======================================================================
MILESTONE #1(481,485)
	No. Greek Sents=1/1
	No. PUNCT=1
NO DIVISION
FRAMES
Array
(
    [0] => Array
        (
            [grStart] => 1
            [grEnd] => 21
            [msStart] => 0
            [msEnd] => 6
            [msStart_pos] => 137
            [msEnd_pos] => 
        )

)



########################################################################
FRAME: START (MS=0, POS=137) END (MS=6, POS=)

======================================================================
MILESTONE #1(481,485)
	No. Greek Sents=2/21
	No. PUNCT=1

======================================================================
MILESTONE #2(486,490)
	No. Greek Sents=0/21
	No. PUNCT=3

======================================================================
MILESTONE #3(491,495)
	No. Greek Sents=0/21
	No. PUNCT=4

======================================================================
MILESTONE #4(496,500)
	No. Greek Sents=0/21
	No. PUNCT=2

======================================================================
MILESTONE #5(501,505)
	No. Greek Sents=0/21
	No. PUNCT=1

======================================================================
MILESTONE #6(506,510)
	No. Greek Sents=0/21
	No. PUNCT=1

======================================================================
MILESTONE #7(511,511)
	No. Greek Sents=0/21
	No. PUNCT=2
*** BEST CHOICE(0,0.53875606058178) ***
FRAMES
Array
(
    [0] => Array
        (
            [grStart] => 3
            [grEnd] => 21
            [msStart] => 0
            [msEnd] => 6
            [msStart_pos] => 174
            [msEnd_pos] => 
        )

    [1] => Array
        (
            [grStart] => 1
            [grEnd] => 2
            [msStart] => 0
            [msEnd] => 0
            [msStart_pos] => 137
            [msEnd_pos] => 173
        )

)



########################################################################
FRAME: START (MS=0, POS=137) END (MS=0, POS=173)

======================================================================
MILESTONE #1(481,485)
	No. Greek Sents=2/2
	No. PUNCT=1
NO DIVISION
FRAMES
Array
(
    [0] => Array
        (
            [grStart] => 3
            [grEnd] => 21
            [msStart] => 0
            [msEnd] => 6
            [msStart_pos] => 174
            [msEnd_pos] => 
        )

)



########################################################################
FRAME: START (MS=0, POS=174) END (MS=6, POS=)

======================================================================
MILESTONE #1(481,485)
	No. Greek Sents=0/19
	NO PUNCT

======================================================================
MILESTONE #2(486,490)
	No. Greek Sents=0/19
	No. PUNCT=3

======================================================================
MILESTONE #3(491,495)
	No. Greek Sents=0/19
	No. PUNCT=4

======================================================================
MILESTONE #4(496,500)
	No. Greek Sents=0/19
	No. PUNCT=2

======================================================================
MILESTONE #5(501,505)
	No. Greek Sents=0/19
	No. PUNCT=1

======================================================================
MILESTONE #6(506,510)
	No. Greek Sents=0/19
	No. PUNCT=1

======================================================================
MILESTONE #7(511,511)
	No. Greek Sents=0/19
	No. PUNCT=2
NO DIVISION
FRAMES
Array
(
)


 PARA FRAMES: 
Array
(
    [0] => Array
        (
            [grStart] => 0
            [grEnd] => 0
            [msStart] => 0
            [msEnd] => 0
            [msStart_pos] => 
            [msEnd_pos] => 136
        )

    [1] => Array
        (
            [grStart] => 1
            [grEnd] => 2
            [msStart] => 0
            [msEnd] => 0
            [msStart_pos] => 137
            [msEnd_pos] => 173
        )

    [2] => Array
        (
            [grStart] => 3
            [grEnd] => 21
            [msStart] => 0
            [msEnd] => 6
            [msStart_pos] => 174
            [msEnd_pos] => 
        )

)

 PARA BEST SCORES: 
Array
(
    [0] => 0.52301368517927
    [1] => 0.53875606058178
)

 FRAME ITERATIONS:5

processing PARA:  BOOK=4 START=512 END=553
======================================================================
MILESTONES=9 GREEK SENTS=23


########################################################################
FRAME: START (MS=0, POS=) END (MS=8, POS=)

======================================================================
MILESTONE #1(512,515)
	No. Greek Sents=2/23
	No. PUNCT=1

======================================================================
MILESTONE #2(516,520)
	No. Greek Sents=0/23
	No. PUNCT=1

======================================================================
MILESTONE #3(521,525)
	No. Greek Sents=0/23
	No. PUNCT=1

======================================================================
MILESTONE #4(526,530)
	No. Greek Sents=0/23
	No. PUNCT=2

======================================================================
MILESTONE #5(531,535)
	No. Greek Sents=0/23
	No. PUNCT=2

======================================================================
MILESTONE #6(536,540)
	No. Greek Sents=0/23
	No. PUNCT=2

======================================================================
MILESTONE #7(541,545)
	No. Greek Sents=0/23
	No. PUNCT=3

======================================================================
MILESTONE #8(546,550)
	No. Greek Sents=0/23
	No. PUNCT=1

======================================================================
MILESTONE #9(551,553)
	No. Greek Sents=0/23
	No. PUNCT=3
*** BEST CHOICE(0,0.43904641252394) ***
FRAMES
Array
(
    [0] => Array
        (
            [grStart] => 1
            [grEnd] => 22
            [msStart] => 0
            [msEnd] => 8
            [msStart_pos] => 118
            [msEnd_pos] => 
        )

    [1] => Array
        (
            [grStart] => 0
            [grEnd] => 0
            [msStart] => 0
            [msEnd] => 0
            [msStart_pos] => 
            [msEnd_pos] => 117
        )

)



########################################################################
FRAME: START (MS=0, POS=) END (MS=0, POS=117)

======================================================================
MILESTONE #1(512,515)
	No. Greek Sents=1/1
	No. PUNCT=1
NO DIVISION
FRAMES
Array
(
    [0] => Array
        (
            [grStart] => 1
            [grEnd] => 22
            [msStart] => 0
            [msEnd] => 8
            [msStart_pos] => 118
            [msEnd_pos] => 
        )

)



########################################################################
FRAME: START (MS=0, POS=118) END (MS=8, POS=)

======================================================================
MILESTONE #1(512,515)
	No. Greek Sents=1/22
	NO PUNCT

======================================================================
MILESTONE #2(516,520)
	No. Greek Sents=0/22
	No. PUNCT=1

======================================================================
MILESTONE #3(521,525)
	No. Greek Sents=0/22
	No. PUNCT=1

======================================================================
MILESTONE #4(526,530)
	No. Greek Sents=0/22
	No. PUNCT=2

======================================================================
MILESTONE #5(531,535)
	No. Greek Sents=0/22
	No. PUNCT=2

======================================================================
MILESTONE #6(536,540)
	No. Greek Sents=0/22
	No. PUNCT=2

======================================================================
MILESTONE #7(541,545)
	No. Greek Sents=0/22
	No. PUNCT=3

======================================================================
MILESTONE #8(546,550)
	No. Greek Sents=0/22
	No. PUNCT=1

======================================================================
MILESTONE #9(551,553)
	No. Greek Sents=0/22
	No. PUNCT=3
NO DIVISION
FRAMES
Array
(
)


 PARA FRAMES: 
Array
(
    [0] => Array
        (
            [grStart] => 0
            [grEnd] => 0
            [msStart] => 0
            [msEnd] => 0
            [msStart_pos] => 
            [msEnd_pos] => 117
        )

    [1] => Array
        (
            [grStart] => 1
            [grEnd] => 22
            [msStart] => 0
            [msEnd] => 8
            [msStart_pos] => 118
            [msEnd_pos] => 
        )

)

 PARA BEST SCORES: 
Array
(
    [0] => 0.43904641252394
)

 FRAME ITERATIONS:3

processing PARA:  BOOK=4 START=554 END=592
======================================================================
MILESTONES=9 GREEK SENTS=20


########################################################################
FRAME: START (MS=0, POS=) END (MS=8, POS=)

======================================================================
MILESTONE #1(554,555)
	No. Greek Sents=2/20
	No. PUNCT=1

======================================================================
MILESTONE #2(556,560)
	No. Greek Sents=0/20
	No. PUNCT=1

======================================================================
MILESTONE #3(561,565)
	No. Greek Sents=0/20
	No. PUNCT=1

======================================================================
MILESTONE #4(566,570)
	No. Greek Sents=0/20
	No. PUNCT=2

======================================================================
MILESTONE #5(571,575)
	No. Greek Sents=0/20
	No. PUNCT=1

======================================================================
MILESTONE #6(576,580)
	No. Greek Sents=0/20
	No. PUNCT=1

======================================================================
MILESTONE #7(581,585)
	No. Greek Sents=0/20
	No. PUNCT=3

======================================================================
MILESTONE #8(586,590)
	No. Greek Sents=0/20
	No. PUNCT=2

======================================================================
MILESTONE #9(591,592)
	No. Greek Sents=0/20
	No. PUNCT=1
*** BEST CHOICE(0,0.5047910840591) ***
FRAMES
Array
(
    [0] => Array
        (
            [grStart] => 2
            [grEnd] => 19
            [msStart] => 0
            [msEnd] => 8
            [msStart_pos] => 58
            [msEnd_pos] => 
        )

    [1] => Array
        (
            [grStart] => 0
            [grEnd] => 1
            [msStart] => 0
            [msEnd] => 0
            [msStart_pos] => 
            [msEnd_pos] => 57
        )

)



########################################################################
FRAME: START (MS=0, POS=) END (MS=0, POS=57)

======================================================================
MILESTONE #1(554,555)
	No. Greek Sents=2/2
	No. PUNCT=1
NO DIVISION
FRAMES
Array
(
    [0] => Array
        (
            [grStart] => 2
            [grEnd] => 19
            [msStart] => 0
            [msEnd] => 8
            [msStart_pos] => 58
            [msEnd_pos] => 
        )

)



########################################################################
FRAME: START (MS=0, POS=58) END (MS=8, POS=)

======================================================================
MILESTONE #1(554,555)
	No. Greek Sents=0/18
	NO PUNCT

======================================================================
MILESTONE #2(556,560)
	No. Greek Sents=0/18
	No. PUNCT=1

======================================================================
MILESTONE #3(561,565)
	No. Greek Sents=0/18
	No. PUNCT=1

======================================================================
MILESTONE #4(566,570)
	No. Greek Sents=0/18
	No. PUNCT=2

======================================================================
MILESTONE #5(571,575)
	No. Greek Sents=0/18
	No. PUNCT=1

======================================================================
MILESTONE #6(576,580)
	No. Greek Sents=0/18
	No. PUNCT=1

======================================================================
MILESTONE #7(581,585)
	No. Greek Sents=0/18
	No. PUNCT=3

======================================================================
MILESTONE #8(586,590)
	No. Greek Sents=0/18
	No. PUNCT=2

======================================================================
MILESTONE #9(591,592)
	No. Greek Sents=0/18
	No. PUNCT=1
NO DIVISION
FRAMES
Array
(
)


 PARA FRAMES: 
Array
(
    [0] => Array
        (
            [grStart] => 0
            [grEnd] => 1
            [msStart] => 0
            [msEnd] => 0
            [msStart_pos] => 
            [msEnd_pos] => 57
        )

    [1] => Array
        (
            [grStart] => 2
            [grEnd] => 19
            [msStart] => 0
            [msEnd] => 8
            [msStart_pos] => 58
            [msEnd_pos] => 
        )

)

 PARA BEST SCORES: 
Array
(
    [0] => 0.5047910840591
)

 FRAME ITERATIONS:3

processing PARA:  BOOK=4 START=593 END=624
======================================================================
MILESTONES=7 GREEK SENTS=27


########################################################################
FRAME: START (MS=0, POS=) END (MS=6, POS=)

======================================================================
MILESTONE #1(593,595)
	No. Greek Sents=2/27
	No. PUNCT=1

======================================================================
MILESTONE #2(596,600)
	No. Greek Sents=0/27
	No. PUNCT=2

======================================================================
MILESTONE #3(601,605)
	No. Greek Sents=0/27
	No. PUNCT=1

======================================================================
MILESTONE #4(606,610)
	No. Greek Sents=0/27
	No. PUNCT=3

======================================================================
MILESTONE #5(611,615)
	No. Greek Sents=0/27
	No. PUNCT=4

======================================================================
MILESTONE #6(616,620)
	No. Greek Sents=0/27
	No. PUNCT=2

======================================================================
MILESTONE #7(621,624)
	No. Greek Sents=0/27
	No. PUNCT=3
*** BEST CHOICE(0,0.6252039616938) ***
FRAMES
Array
(
    [0] => Array
        (
            [grStart] => 1
            [grEnd] => 26
            [msStart] => 0
            [msEnd] => 6
            [msStart_pos] => 36
            [msEnd_pos] => 
        )

    [1] => Array
        (
            [grStart] => 0
            [grEnd] => 0
            [msStart] => 0
            [msEnd] => 0
            [msStart_pos] => 
            [msEnd_pos] => 35
        )

)



########################################################################
FRAME: START (MS=0, POS=) END (MS=0, POS=35)

======================================================================
MILESTONE #1(593,595)
	No. Greek Sents=1/1
	No. PUNCT=1
NO DIVISION
FRAMES
Array
(
    [0] => Array
        (
            [grStart] => 1
            [grEnd] => 26
            [msStart] => 0
            [msEnd] => 6
            [msStart_pos] => 36
            [msEnd_pos] => 
        )

)



########################################################################
FRAME: START (MS=0, POS=36) END (MS=6, POS=)

======================================================================
MILESTONE #1(593,595)
	No. Greek Sents=1/26
	NO PUNCT

======================================================================
MILESTONE #2(596,600)
	No. Greek Sents=0/26
	No. PUNCT=2

======================================================================
MILESTONE #3(601,605)
	No. Greek Sents=0/26
	No. PUNCT=1

======================================================================
MILESTONE #4(606,610)
	No. Greek Sents=0/26
	No. PUNCT=3

======================================================================
MILESTONE #5(611,615)
	No. Greek Sents=0/26
	No. PUNCT=4

======================================================================
MILESTONE #6(616,620)
	No. Greek Sents=0/26
	No. PUNCT=2

======================================================================
MILESTONE #7(621,624)
	No. Greek Sents=0/26
	No. PUNCT=3
NO DIVISION
FRAMES
Array
(
)


 PARA FRAMES: 
Array
(
    [0] => Array
        (
            [grStart] => 0
            [grEnd] => 0
            [msStart] => 0
            [msEnd] => 0
            [msStart_pos] => 
            [msEnd_pos] => 35
        )

    [1] => Array
        (
            [grStart] => 1
            [grEnd] => 26
            [msStart] => 0
            [msEnd] => 6
            [msStart_pos] => 36
            [msEnd_pos] => 
        )

)

 PARA BEST SCORES: 
Array
(
    [0] => 0.6252039616938
)

 FRAME ITERATIONS:3

processing PARA:  BOOK=4 START=625 END=674
======================================================================
MILESTONES=11 GREEK SENTS=35


########################################################################
FRAME: START (MS=0, POS=) END (MS=10, POS=)

======================================================================
MILESTONE #1(625,625)
	No. Greek Sents=0/35
	NO PUNCT

======================================================================
MILESTONE #2(626,630)
	No. Greek Sents=0/35
	No. PUNCT=1

======================================================================
MILESTONE #3(631,635)
	No. Greek Sents=0/35
	No. PUNCT=2

======================================================================
MILESTONE #4(636,640)
	No. Greek Sents=0/35
	No. PUNCT=2

======================================================================
MILESTONE #5(641,645)
	No. Greek Sents=0/35
	No. PUNCT=5

======================================================================
MILESTONE #6(646,650)
	No. Greek Sents=0/35
	No. PUNCT=5

======================================================================
MILESTONE #7(651,655)
	No. Greek Sents=0/35
	No. PUNCT=3

======================================================================
MILESTONE #8(656,660)
	No. Greek Sents=0/35
	No. PUNCT=3

======================================================================
MILESTONE #9(661,665)
	No. Greek Sents=0/35
	No. PUNCT=2

======================================================================
MILESTONE #10(666,670)
	No. Greek Sents=0/35
	No. PUNCT=2

======================================================================
MILESTONE #11(671,674)
	No. Greek Sents=0/35
	No. PUNCT=4
NO DIVISION
FRAMES
Array
(
)


 PARA FRAMES: 
Array
(
    [0] => Array
        (
            [grStart] => 0
            [grEnd] => 34
            [msStart] => 0
            [msEnd] => 10
            [msStart_pos] => 
            [msEnd_pos] => 
        )

)

 PARA BEST SCORES: 
Array
(
)

 FRAME ITERATIONS:1

processing PARA:  BOOK=4 START=675 END=714
======================================================================
MILESTONES=9 GREEK SENTS=27


########################################################################
FRAME: START (MS=0, POS=) END (MS=8, POS=)

======================================================================
MILESTONE #1(675,675)
	No. Greek Sents=0/27
	NO PUNCT

======================================================================
MILESTONE #2(676,680)
	No. Greek Sents=0/27
	No. PUNCT=1

======================================================================
MILESTONE #3(681,685)
	No. Greek Sents=0/27
	No. PUNCT=3

======================================================================
MILESTONE #4(686,690)
	No. Greek Sents=0/27
	No. PUNCT=1

======================================================================
MILESTONE #5(691,695)
	No. Greek Sents=0/27
	No. PUNCT=2

======================================================================
MILESTONE #6(696,700)
	No. Greek Sents=0/27
	No. PUNCT=4

======================================================================
MILESTONE #7(701,705)
	No. Greek Sents=0/27
	No. PUNCT=2

======================================================================
MILESTONE #8(706,710)
	No. Greek Sents=0/27
	No. PUNCT=4

======================================================================
MILESTONE #9(711,714)
	No. Greek Sents=0/27
	No. PUNCT=3
NO DIVISION
FRAMES
Array
(
)


 PARA FRAMES: 
Array
(
    [0] => Array
        (
            [grStart] => 0
            [grEnd] => 26
            [msStart] => 0
            [msEnd] => 8
            [msStart_pos] => 
            [msEnd_pos] => 
        )

)

 PARA BEST SCORES: 
Array
(
)

 FRAME ITERATIONS:1

processing PARA:  BOOK=4 START=715 END=757
======================================================================
MILESTONES=10 GREEK SENTS=21


########################################################################
FRAME: START (MS=0, POS=) END (MS=9, POS=)

======================================================================
MILESTONE #1(715,715)
	No. Greek Sents=1/21
	NO PUNCT

======================================================================
MILESTONE #2(716,720)
	No. Greek Sents=0/21
	NO PUNCT

======================================================================
MILESTONE #3(721,725)
	No. Greek Sents=0/21
	No. PUNCT=3

======================================================================
MILESTONE #4(726,730)
	No. Greek Sents=0/21
	No. PUNCT=3

======================================================================
MILESTONE #5(731,735)
	No. Greek Sents=0/21
	No. PUNCT=2

======================================================================
MILESTONE #6(736,740)
	No. Greek Sents=0/21
	No. PUNCT=1

======================================================================
MILESTONE #7(741,745)
	No. Greek Sents=0/21
	No. PUNCT=3

======================================================================
MILESTONE #8(746,750)
	No. Greek Sents=0/21
	No. PUNCT=2

======================================================================
MILESTONE #9(751,755)
	No. Greek Sents=0/21
	No. PUNCT=1

======================================================================
MILESTONE #10(756,757)
	No. Greek Sents=0/21
	No. PUNCT=1
NO DIVISION
FRAMES
Array
(
)


 PARA FRAMES: 
Array
(
    [0] => Array
        (
            [grStart] => 0
            [grEnd] => 20
            [msStart] => 0
            [msEnd] => 9
            [msStart_pos] => 
            [msEnd_pos] => 
        )

)

 PARA BEST SCORES: 
Array
(
)

 FRAME ITERATIONS:1

processing PARA:  BOOK=4 START=758 END=794
======================================================================
MILESTONES=8 GREEK SENTS=20


########################################################################
FRAME: START (MS=0, POS=) END (MS=7, POS=)

======================================================================
MILESTONE #1(758,760)
	No. Greek Sents=1/20
	No. PUNCT=1

======================================================================
MILESTONE #2(761,765)
	No. Greek Sents=0/20
	No. PUNCT=2

======================================================================
MILESTONE #3(766,770)
	No. Greek Sents=0/20
	No. PUNCT=3

======================================================================
MILESTONE #4(771,775)
	No. Greek Sents=0/20
	No. PUNCT=3

======================================================================
MILESTONE #5(776,780)
	No. Greek Sents=0/20
	No. PUNCT=3

======================================================================
MILESTONE #6(781,785)
	No. Greek Sents=0/20
	No. PUNCT=2

======================================================================
MILESTONE #7(786,790)
	No. Greek Sents=0/20
	No. PUNCT=2

======================================================================
MILESTONE #8(791,794)
	No. Greek Sents=0/20
	No. PUNCT=3
NO DIVISION
FRAMES
Array
(
)


 PARA FRAMES: 
Array
(
    [0] => Array
        (
            [grStart] => 0
            [grEnd] => 19
            [msStart] => 0
            [msEnd] => 7
            [msStart_pos] => 
            [msEnd_pos] => 
        )

)

 PARA BEST SCORES: 
Array
(
)

 FRAME ITERATIONS:1

processing PARA:  BOOK=4 START=795 END=846
======================================================================
MILESTONES=12 GREEK SENTS=31


########################################################################
FRAME: START (MS=0, POS=) END (MS=11, POS=)

======================================================================
MILESTONE #1(795,795)
	No. Greek Sents=1/31
	NO PUNCT

======================================================================
MILESTONE #2(796,800)
	No. Greek Sents=0/31
	No. PUNCT=2

======================================================================
MILESTONE #3(801,805)
	No. Greek Sents=0/31
	No. PUNCT=3

======================================================================
MILESTONE #4(806,810)
	No. Greek Sents=0/31
	No. PUNCT=2

======================================================================
MILESTONE #5(811,815)
	No. Greek Sents=0/31
	No. PUNCT=3

======================================================================
MILESTONE #6(816,820)
	No. Greek Sents=0/31
	No. PUNCT=2

======================================================================
MILESTONE #7(821,825)
	No. Greek Sents=0/31
	No. PUNCT=3

======================================================================
MILESTONE #8(826,830)
	No. Greek Sents=0/31
	No. PUNCT=2

======================================================================
MILESTONE #9(831,835)
	No. Greek Sents=0/31
	No. PUNCT=2

======================================================================
MILESTONE #10(836,840)
	No. Greek Sents=0/31
	No. PUNCT=3

======================================================================
MILESTONE #11(841,845)
	No. Greek Sents=0/31
	No. PUNCT=2

======================================================================
MILESTONE #12(846,846)
	No. Greek Sents=0/31
	No. PUNCT=2
NO DIVISION
FRAMES
Array
(
)


 PARA FRAMES: 
Array
(
    [0] => Array
        (
            [grStart] => 0
            [grEnd] => 30
            [msStart] => 0
            [msEnd] => 11
            [msStart_pos] => 
            [msEnd_pos] => 
        )

)

 PARA BEST SCORES: 
Array
(
)

 FRAME ITERATIONS:1
